0 info it worked if it ends with ok
1 verbose cli [ 'C:\\Program Files\\nodejs\\\\node.exe',
1 verbose cli   'C:\\Program Files\\nodejs\\node_modules\\npm\\bin\\npm-cli.js',
1 verbose cli   'install' ]
2 info using npm@3.10.9
3 info using node@v0.10.32
4 silly loadCurrentTree Starting
5 silly install loadCurrentTree
6 silly install readLocalPackageData
7 silly install normalizeTree
8 silly loadCurrentTree Finishing
9 silly loadIdealTree Starting
10 silly install loadIdealTree
11 silly cloneCurrentTree Starting
12 silly install cloneCurrentTreeToIdealTree
13 silly cloneCurrentTree Finishing
14 silly loadShrinkwrap Starting
15 silly install loadShrinkwrap
16 silly loadShrinkwrap Finishing
17 silly loadAllDepsIntoIdealTree Starting
18 silly install loadAllDepsIntoIdealTree
19 silly fetchNamedPackageData fsevents
20 silly mapToRegistry name fsevents
21 silly mapToRegistry using default registry
22 silly mapToRegistry registry https://registry.npmjs.org/
23 silly mapToRegistry data { raw: 'fsevents',
23 silly mapToRegistry   scope: null,
23 silly mapToRegistry   escapedName: 'fsevents',
23 silly mapToRegistry   name: 'fsevents',
23 silly mapToRegistry   rawSpec: '',
23 silly mapToRegistry   spec: 'latest',
23 silly mapToRegistry   type: 'tag' }
24 silly mapToRegistry uri https://registry.npmjs.org/fsevents
25 verbose request uri https://registry.npmjs.org/fsevents
26 verbose request no auth needed
27 info attempt registry request try #1 at 14:50:06
28 verbose request id b12d55aa28492789
29 verbose etag W/"581a78e1-bb66"
30 verbose lastModified Wed, 02 Nov 2016 23:38:09 GMT
31 http request GET https://registry.npmjs.org/fsevents
32 http 304 https://registry.npmjs.org/fsevents
33 verbose headers { date: 'Wed, 16 Nov 2016 19:50:06 GMT',
33 verbose headers   via: '1.1 varnish',
33 verbose headers   'cache-control': 'max-age=300',
33 verbose headers   etag: 'W/"581a78e1-bb66"',
33 verbose headers   age: '93',
33 verbose headers   connection: 'keep-alive',
33 verbose headers   'x-served-by': 'cache-iad2131-IAD',
33 verbose headers   'x-cache': 'HIT',
33 verbose headers   'x-cache-hits': '10',
33 verbose headers   'x-timer': 'S1479325806.680134,VS0,VE0',
33 verbose headers   vary: 'Accept-Encoding' }
34 silly get cb [ 304,
34 silly get   { date: 'Wed, 16 Nov 2016 19:50:06 GMT',
34 silly get     via: '1.1 varnish',
34 silly get     'cache-control': 'max-age=300',
34 silly get     etag: 'W/"581a78e1-bb66"',
34 silly get     age: '93',
34 silly get     connection: 'keep-alive',
34 silly get     'x-served-by': 'cache-iad2131-IAD',
34 silly get     'x-cache': 'HIT',
34 silly get     'x-cache-hits': '10',
34 silly get     'x-timer': 'S1479325806.680134,VS0,VE0',
34 silly get     vary: 'Accept-Encoding' } ]
35 verbose etag https://registry.npmjs.org/fsevents from cache
36 verbose get saving fsevents to C:\Users\rwilcox\AppData\Roaming\npm-cache\registry.npmjs.org\fsevents\.cache.json
37 verbose correctMkdir C:\Users\rwilcox\AppData\Roaming\npm-cache correctMkdir not in flight; initializing
38 silly resolveWithNewModule fsevents@1.0.15 checking installable status
39 silly loadAllDepsIntoIdealTree Finishing
40 silly loadIdealTree Finishing
41 silly currentTree eatsmart@1.0.0
41 silly currentTree +-- @angular/common@2.1.0
41 silly currentTree +-- @angular/compiler@2.1.0
41 silly currentTree +-- @angular/core@2.1.0
41 silly currentTree +-- @angular/forms@2.1.0
41 silly currentTree +-- @angular/http@2.1.0
41 silly currentTree +-- @angular/platform-browser-dynamic@2.1.0
41 silly currentTree +-- @angular/platform-browser@2.1.0
41 silly currentTree +-- @angular/router@3.1.0
41 silly currentTree +-- @angular/upgrade@2.1.0
41 silly currentTree +-- Base64@0.2.1
41 silly currentTree +-- abbrev@1.0.9
41 silly currentTree +-- acorn@3.3.0
41 silly currentTree +-- align-text@0.1.4
41 silly currentTree +-- amdefine@1.0.0
41 silly currentTree +-- angular-in-memory-web-api@0.1.12
41 silly currentTree +-- angular2-image-popup@1.1.1
41 silly currentTree | +-- rxjs@5.0.0-beta.6
41 silly currentTree | `-- systemjs@0.19.27
41 silly currentTree +-- angular2-jwt@0.1.23
41 silly currentTree +-- angular2-onsenui@1.0.0-rc.1
41 silly currentTree +-- ansi-regex@2.0.0
41 silly currentTree +-- ansi-styles@2.2.1
41 silly currentTree +-- anymatch@1.3.0
41 silly currentTree +-- aproba@1.0.4
41 silly currentTree +-- archy@1.0.0
41 silly currentTree +-- are-we-there-yet@1.1.2
41 silly currentTree | +-- isarray@1.0.0
41 silly currentTree | `-- readable-stream@2.1.5
41 silly currentTree +-- arr-diff@2.0.0
41 silly currentTree +-- arr-flatten@1.0.1
41 silly currentTree +-- array-differ@1.0.0
41 silly currentTree +-- array-find-index@1.0.2
41 silly currentTree +-- array-index@1.0.0
41 silly currentTree +-- array-uniq@1.0.3
41 silly currentTree +-- array-unique@0.2.1
41 silly currentTree +-- arrify@1.0.1
41 silly currentTree +-- asn1@0.2.3
41 silly currentTree +-- assert-plus@0.2.0
41 silly currentTree +-- assert@1.4.1
41 silly currentTree +-- async-each@1.0.1
41 silly currentTree +-- async-foreach@0.1.3
41 silly currentTree +-- async@1.5.2
41 silly currentTree +-- asynckit@0.4.0
41 silly currentTree +-- atob@2.0.3
41 silly currentTree +-- aws-sign2@0.6.0
41 silly currentTree +-- aws4@1.5.0
41 silly currentTree +-- balanced-match@0.4.2
41 silly currentTree +-- base-64@0.1.0
41 silly currentTree +-- base64-js@1.2.0
41 silly currentTree +-- base64-url@1.3.3
41 silly currentTree +-- bcrypt-pbkdf@1.0.0
41 silly currentTree +-- beeper@1.1.0
41 silly currentTree +-- big.js@3.1.3
41 silly currentTree +-- binary-extensions@1.7.0
41 silly currentTree +-- bl@1.1.2
41 silly currentTree | +-- isarray@1.0.0
41 silly currentTree | `-- readable-stream@2.0.6
41 silly currentTree +-- block-stream@0.0.9
41 silly currentTree +-- bluebird@3.4.6
41 silly currentTree +-- boolbase@1.0.0
41 silly currentTree +-- boom@2.10.1
41 silly currentTree +-- bootstrap@3.3.7
41 silly currentTree +-- brace-expansion@1.1.6
41 silly currentTree +-- braces@1.8.5
41 silly currentTree +-- browserify-zlib@0.1.4
41 silly currentTree +-- buffer-shims@1.0.0
41 silly currentTree +-- buffer@4.9.1
41 silly currentTree | `-- isarray@1.0.0
41 silly currentTree +-- builtin-modules@1.1.1
41 silly currentTree +-- camelcase-keys@2.1.0
41 silly currentTree | `-- camelcase@2.1.1
41 silly currentTree +-- camelcase@1.2.1
41 silly currentTree +-- capture-stack-trace@1.0.0
41 silly currentTree +-- caseless@0.11.0
41 silly currentTree +-- center-align@0.1.3
41 silly currentTree +-- chalk@1.1.3
41 silly currentTree +-- chokidar@1.6.1
41 silly currentTree | +-- glob-parent@2.0.0
41 silly currentTree | +-- is-extglob@1.0.0
41 silly currentTree | `-- is-glob@2.0.1
41 silly currentTree +-- clean-css@3.4.20
41 silly currentTree | +-- commander@2.8.1
41 silly currentTree | `-- source-map@0.4.4
41 silly currentTree +-- cliui@2.1.0
41 silly currentTree +-- clone-stats@0.0.1
41 silly currentTree +-- clone@1.0.2
41 silly currentTree +-- code-point-at@1.0.1
41 silly currentTree +-- combined-stream@1.0.5
41 silly currentTree +-- commander@2.9.0
41 silly currentTree +-- concat-map@0.0.1
41 silly currentTree +-- concat-stream@1.5.2
41 silly currentTree | +-- isarray@1.0.0
41 silly currentTree | `-- readable-stream@2.0.6
41 silly currentTree +-- concat-with-sourcemaps@1.0.4
41 silly currentTree +-- concurrently@3.0.0
41 silly currentTree | +-- bluebird@2.9.6
41 silly currentTree | +-- chalk@0.5.1
41 silly currentTree | | +-- ansi-styles@1.1.0
41 silly currentTree | | +-- has-ansi@0.1.0
41 silly currentTree | | | `-- ansi-regex@0.2.1
41 silly currentTree | | +-- strip-ansi@0.3.0
41 silly currentTree | | | `-- ansi-regex@0.2.1
41 silly currentTree | | `-- supports-color@0.2.0
41 silly currentTree | +-- commander@2.6.0
41 silly currentTree | +-- moment@2.15.1
41 silly currentTree | +-- rx@2.3.24
41 silly currentTree | +-- spawn-default-shell@1.1.0
41 silly currentTree | `-- tree-kill@1.1.0
41 silly currentTree +-- console-browserify@1.1.0
41 silly currentTree +-- console-control-strings@1.1.0
41 silly currentTree +-- constants-browserify@0.0.1
41 silly currentTree +-- core-js@2.4.1
41 silly currentTree +-- core-util-is@1.0.2
41 silly currentTree +-- create-error-class@3.0.2
41 silly currentTree +-- cross-spawn@3.0.1
41 silly currentTree +-- cryptiles@2.0.5
41 silly currentTree +-- crypto-browserify@3.2.8
41 silly currentTree +-- css-select@1.2.0
41 silly currentTree +-- css-what@2.1.0
41 silly currentTree +-- currently-unhandled@0.4.1
41 silly currentTree +-- d@0.1.1
41 silly currentTree +-- dashdash@1.14.0
41 silly currentTree | `-- assert-plus@1.0.0
41 silly currentTree +-- date-now@0.1.4
41 silly currentTree +-- dateformat@1.0.12
41 silly currentTree +-- deap@1.0.0
41 silly currentTree +-- debug@2.2.0
41 silly currentTree +-- decamelize@1.2.0
41 silly currentTree +-- deep-extend@0.4.1
41 silly currentTree +-- defaults@1.0.3
41 silly currentTree +-- delayed-stream@1.0.0
41 silly currentTree +-- delegates@1.0.0
41 silly currentTree +-- deprecated@0.0.1
41 silly currentTree +-- detect-file@0.1.0
41 silly currentTree +-- dom-converter@0.1.4
41 silly currentTree | `-- utila@0.3.3
41 silly currentTree +-- dom-serializer@0.1.0
41 silly currentTree | `-- domelementtype@1.1.3
41 silly currentTree +-- domain-browser@1.1.7
41 silly currentTree +-- domelementtype@1.3.0
41 silly currentTree +-- domhandler@2.1.0
41 silly currentTree +-- domutils@1.5.1
41 silly currentTree +-- duplexer2@0.1.4
41 silly currentTree | +-- isarray@1.0.0
41 silly currentTree | `-- readable-stream@2.1.5
41 silly currentTree +-- ecc-jsbn@0.1.1
41 silly currentTree +-- emojis-list@2.1.0
41 silly currentTree +-- enhanced-resolve@0.9.1
41 silly currentTree | `-- memory-fs@0.2.0
41 silly currentTree +-- entities@1.1.1
41 silly currentTree +-- errno@0.1.4
41 silly currentTree +-- error-ex@1.3.0
41 silly currentTree +-- es5-ext@0.10.12
41 silly currentTree +-- es6-iterator@2.0.0
41 silly currentTree +-- es6-promise@4.0.5
41 silly currentTree +-- es6-shim@0.35.1
41 silly currentTree +-- es6-symbol@3.1.0
41 silly currentTree +-- escape-string-regexp@1.0.5
41 silly currentTree +-- events@1.1.1
41 silly currentTree +-- expand-brackets@0.1.5
41 silly currentTree +-- expand-range@1.8.2
41 silly currentTree +-- expand-tilde@1.2.2
41 silly currentTree +-- extend@3.0.0
41 silly currentTree +-- extglob@0.3.2
41 silly currentTree | `-- is-extglob@1.0.0
41 silly currentTree +-- extract-text-plus-webpack-plugin@1.0.0
41 silly currentTree | `-- async@1.5.2
41 silly currentTree +-- extsprintf@1.0.2
41 silly currentTree +-- fancy-log@1.2.0
41 silly currentTree +-- fancybox@3.0.0
41 silly currentTree +-- filename-regex@2.0.0
41 silly currentTree +-- fill-range@2.2.3
41 silly currentTree +-- find-index@0.1.1
41 silly currentTree +-- find-up@1.1.2
41 silly currentTree +-- findup-sync@0.4.3
41 silly currentTree | +-- is-extglob@1.0.0
41 silly currentTree | `-- is-glob@2.0.1
41 silly currentTree +-- fined@1.0.2
41 silly currentTree +-- first-chunk-stream@1.0.0
41 silly currentTree +-- flagged-respawn@0.3.2
41 silly currentTree +-- font-awesome@4.7.0
41 silly currentTree +-- for-in@0.1.6
41 silly currentTree +-- for-own@0.1.4
41 silly currentTree +-- forever-agent@0.6.1
41 silly currentTree +-- form-data@2.0.0
41 silly currentTree +-- fs-exists-sync@0.1.0
41 silly currentTree +-- fs.realpath@1.0.0
41 silly currentTree +-- fstream@1.0.10
41 silly currentTree +-- gauge@2.6.0
41 silly currentTree +-- gaze@0.5.2
41 silly currentTree +-- generate-function@2.0.0
41 silly currentTree +-- generate-object-property@1.2.0
41 silly currentTree +-- get-caller-file@1.0.2
41 silly currentTree +-- get-stdin@4.0.1
41 silly currentTree +-- getpass@0.1.6
41 silly currentTree | `-- assert-plus@1.0.0
41 silly currentTree +-- glob-base@0.3.0
41 silly currentTree | +-- glob-parent@2.0.0
41 silly currentTree | +-- is-extglob@1.0.0
41 silly currentTree | `-- is-glob@2.0.1
41 silly currentTree +-- glob-watcher@0.0.6
41 silly currentTree +-- glob2base@0.0.12
41 silly currentTree +-- glob@7.1.1
41 silly currentTree +-- global-modules@0.2.3
41 silly currentTree +-- global-prefix@0.1.4
41 silly currentTree +-- globule@0.1.0
41 silly currentTree | +-- glob@3.1.21
41 silly currentTree | +-- graceful-fs@1.2.3
41 silly currentTree | +-- inherits@1.0.2
41 silly currentTree | +-- lodash@1.0.2
41 silly currentTree | +-- lru-cache@2.7.3
41 silly currentTree | `-- minimatch@0.2.14
41 silly currentTree +-- glogg@1.0.0
41 silly currentTree +-- got@5.6.0
41 silly currentTree | +-- isarray@1.0.0
41 silly currentTree | `-- readable-stream@2.1.5
41 silly currentTree +-- graceful-fs@4.1.9
41 silly currentTree +-- graceful-readlink@1.0.1
41 silly currentTree +-- gulp-concat@2.5.2
41 silly currentTree +-- gulp-cssmin@0.1.7
41 silly currentTree | +-- ansi-regex@0.2.1
41 silly currentTree | +-- ansi-styles@1.1.0
41 silly currentTree | +-- chalk@0.5.1
41 silly currentTree | +-- filesize@2.0.4
41 silly currentTree | +-- graceful-fs@2.0.3
41 silly currentTree | +-- gulp-rename@1.1.0
41 silly currentTree | | `-- map-stream@0.0.6
41 silly currentTree | +-- gulp-util@2.2.20
41 silly currentTree | | +-- dateformat@1.0.12
41 silly currentTree | | | +-- get-stdin@4.0.1
41 silly currentTree | | | `-- meow@3.7.0
41 silly currentTree | | |   +-- camelcase-keys@2.1.0
41 silly currentTree | | |   | `-- camelcase@2.1.1
41 silly currentTree | | |   +-- decamelize@1.2.0
41 silly currentTree | | |   +-- loud-rejection@1.6.0
41 silly currentTree | | |   | +-- currently-unhandled@0.4.1
41 silly currentTree | | |   | | `-- array-find-index@1.0.2
41 silly currentTree | | |   | `-- signal-exit@3.0.1
41 silly currentTree | | |   +-- map-obj@1.0.1
41 silly currentTree | | |   +-- minimist@1.2.0
41 silly currentTree | | |   +-- normalize-package-data@2.3.5
41 silly currentTree | | |   | +-- hosted-git-info@2.1.5
41 silly currentTree | | |   | +-- is-builtin-module@1.0.0
41 silly currentTree | | |   | | `-- builtin-modules@1.1.1
41 silly currentTree | | |   | +-- semver@5.3.0
41 silly currentTree | | |   | `-- validate-npm-package-license@3.0.1
41 silly currentTree | | |   |   +-- spdx-correct@1.0.2
41 silly currentTree | | |   |   | `-- spdx-license-ids@1.2.2
41 silly currentTree | | |   |   `-- spdx-expression-parse@1.0.4
41 silly currentTree | | |   +-- object-assign@4.1.0
41 silly currentTree | | |   +-- read-pkg-up@1.0.1
41 silly currentTree | | |   | +-- find-up@1.1.2
41 silly currentTree | | |   | | +-- path-exists@2.1.0
41 silly currentTree | | |   | | `-- pinkie-promise@2.0.1
41 silly currentTree | | |   | |   `-- pinkie@2.0.4
41 silly currentTree | | |   | `-- read-pkg@1.1.0
41 silly currentTree | | |   |   +-- load-json-file@1.1.0
41 silly currentTree | | |   |   | +-- graceful-fs@4.1.9
41 silly currentTree | | |   |   | +-- parse-json@2.2.0
41 silly currentTree | | |   |   | | `-- error-ex@1.3.0
41 silly currentTree | | |   |   | |   `-- is-arrayish@0.2.1
41 silly currentTree | | |   |   | +-- pify@2.3.0
41 silly currentTree | | |   |   | +-- pinkie-promise@2.0.1
41 silly currentTree | | |   |   | | `-- pinkie@2.0.4
41 silly currentTree | | |   |   | `-- strip-bom@2.0.0
41 silly currentTree | | |   |   |   `-- is-utf8@0.2.1
41 silly currentTree | | |   |   `-- path-type@1.1.0
41 silly currentTree | | |   |     +-- graceful-fs@4.1.9
41 silly currentTree | | |   |     +-- pify@2.3.0
41 silly currentTree | | |   |     `-- pinkie-promise@2.0.1
41 silly currentTree | | |   |       `-- pinkie@2.0.4
41 silly currentTree | | |   +-- redent@1.0.0
41 silly currentTree | | |   | +-- indent-string@2.1.0
41 silly currentTree | | |   | | `-- repeating@2.0.1
41 silly currentTree | | |   | |   `-- is-finite@1.0.2
41 silly currentTree | | |   | |     `-- number-is-nan@1.0.1
41 silly currentTree | | |   | `-- strip-indent@1.0.1
41 silly currentTree | | |   `-- trim-newlines@1.0.0
41 silly currentTree | | `-- multipipe@0.1.2
41 silly currentTree | |   `-- duplexer2@0.0.2
41 silly currentTree | |     `-- readable-stream@1.1.14
41 silly currentTree | |       +-- core-util-is@1.0.2
41 silly currentTree | |       +-- inherits@2.0.3
41 silly currentTree | |       +-- isarray@0.0.1
41 silly currentTree | |       `-- string_decoder@0.10.31
41 silly currentTree | +-- has-ansi@0.1.0
41 silly currentTree | +-- lodash._reinterpolate@2.4.1
41 silly currentTree | +-- lodash.escape@2.4.1
41 silly currentTree | +-- lodash.keys@2.4.1
41 silly currentTree | +-- lodash.template@2.4.1
41 silly currentTree | +-- lodash.templatesettings@2.4.1
41 silly currentTree | +-- map-stream@0.0.4
41 silly currentTree | +-- minimist@0.2.0
41 silly currentTree | +-- strip-ansi@0.3.0
41 silly currentTree | +-- supports-color@0.2.0
41 silly currentTree | +-- temp-write@0.1.1
41 silly currentTree | | `-- tempfile@0.1.3
41 silly currentTree | |   `-- uuid@1.4.2
41 silly currentTree | +-- through2@0.5.1
41 silly currentTree | +-- vinyl@0.2.3
41 silly currentTree | `-- xtend@3.0.0
41 silly currentTree +-- gulp-sass@2.3.2
41 silly currentTree | +-- isarray@1.0.0
41 silly currentTree | +-- readable-stream@2.0.6
41 silly currentTree | `-- through2@2.0.1
41 silly currentTree |   `-- readable-stream@2.0.6
41 silly currentTree |     +-- core-util-is@1.0.2
41 silly currentTree |     +-- inherits@2.0.3
41 silly currentTree |     +-- isarray@1.0.0
41 silly currentTree |     +-- process-nextick-args@1.0.7
41 silly currentTree |     +-- string_decoder@0.10.31
41 silly currentTree |     `-- util-deprecate@1.0.2
41 silly currentTree +-- gulp-uglify@1.2.0
41 silly currentTree | +-- uglify-js@2.4.19
41 silly currentTree | | +-- async@0.2.10
41 silly currentTree | | +-- source-map@0.1.34
41 silly currentTree | | `-- yargs@3.5.4
41 silly currentTree | `-- vinyl-sourcemaps-apply@0.1.4
41 silly currentTree |   `-- source-map@0.1.43
41 silly currentTree +-- gulp-util@3.0.7
41 silly currentTree | +-- isarray@1.0.0
41 silly currentTree | +-- minimist@1.2.0
41 silly currentTree | +-- object-assign@3.0.0
41 silly currentTree | +-- readable-stream@2.0.6
41 silly currentTree | +-- through2@2.0.1
41 silly currentTree | `-- vinyl@0.5.3
41 silly currentTree +-- gulp@3.9.1
41 silly currentTree | +-- clone@0.2.0
41 silly currentTree | +-- glob-stream@3.1.18
41 silly currentTree | +-- glob@4.5.3
41 silly currentTree | +-- graceful-fs@3.0.11
41 silly currentTree | +-- minimatch@2.0.10
41 silly currentTree | +-- minimist@1.2.0
41 silly currentTree | +-- ordered-read-streams@0.1.0
41 silly currentTree | +-- semver@4.3.6
41 silly currentTree | +-- strip-bom@1.0.0
41 silly currentTree | +-- unique-stream@1.0.0
41 silly currentTree | +-- vinyl-fs@0.3.14
41 silly currentTree | `-- vinyl@0.4.6
41 silly currentTree +-- gulplog@1.0.0
41 silly currentTree +-- har-validator@2.0.6
41 silly currentTree +-- has-ansi@2.0.0
41 silly currentTree +-- has-color@0.1.7
41 silly currentTree +-- has-flag@1.0.0
41 silly currentTree +-- has-gulplog@0.1.0
41 silly currentTree +-- has-unicode@2.0.1
41 silly currentTree +-- hawk@3.1.3
41 silly currentTree +-- hoek@2.16.3
41 silly currentTree +-- hosted-git-info@2.1.5
41 silly currentTree +-- html-webpack-plugin@2.22.0
41 silly currentTree | `-- html-minifier@2.1.7
41 silly currentTree |   +-- change-case@3.0.0
41 silly currentTree |   | +-- camel-case@3.0.0
41 silly currentTree |   | +-- constant-case@2.0.0
41 silly currentTree |   | +-- dot-case@2.1.0
41 silly currentTree |   | +-- header-case@1.0.0
41 silly currentTree |   | +-- is-lower-case@1.1.3
41 silly currentTree |   | +-- is-upper-case@1.1.2
41 silly currentTree |   | +-- lower-case-first@1.0.2
41 silly currentTree |   | +-- lower-case@1.1.3
41 silly currentTree |   | +-- no-case@2.3.0
41 silly currentTree |   | +-- param-case@2.1.0
41 silly currentTree |   | +-- pascal-case@2.0.0
41 silly currentTree |   | +-- path-case@2.1.0
41 silly currentTree |   | +-- sentence-case@2.1.0
41 silly currentTree |   | +-- snake-case@2.1.0
41 silly currentTree |   | +-- swap-case@1.1.2
41 silly currentTree |   | +-- title-case@2.1.0
41 silly currentTree |   | +-- upper-case-first@1.1.2
41 silly currentTree |   | `-- upper-case@1.1.3
41 silly currentTree |   +-- clean-css@3.4.20
41 silly currentTree |   | +-- commander@2.8.1
41 silly currentTree |   | | `-- graceful-readlink@1.0.1
41 silly currentTree |   | `-- source-map@0.4.4
41 silly currentTree |   |   `-- amdefine@1.0.0
41 silly currentTree |   +-- commander@2.9.0
41 silly currentTree |   | `-- graceful-readlink@1.0.1
41 silly currentTree |   +-- he@1.1.0
41 silly currentTree |   +-- ncname@1.0.0
41 silly currentTree |   | `-- xml-char-classes@1.0.0
41 silly currentTree |   +-- relateurl@0.2.7
41 silly currentTree |   `-- uglify-js@2.6.4
41 silly currentTree |     +-- async@0.2.10
41 silly currentTree |     +-- source-map@0.5.6
41 silly currentTree |     +-- uglify-to-browserify@1.0.2
41 silly currentTree |     `-- yargs@3.10.0
41 silly currentTree |       +-- camelcase@1.2.1
41 silly currentTree |       +-- cliui@2.1.0
41 silly currentTree |       | +-- center-align@0.1.3
41 silly currentTree |       | | +-- align-text@0.1.4
41 silly currentTree |       | | | +-- kind-of@3.0.4
41 silly currentTree |       | | | | `-- is-buffer@1.1.4
41 silly currentTree |       | | | +-- longest@1.0.1
41 silly currentTree |       | | | `-- repeat-string@1.5.4
41 silly currentTree |       | | `-- lazy-cache@1.0.4
41 silly currentTree |       | +-- right-align@0.1.3
41 silly currentTree |       | | `-- align-text@0.1.4
41 silly currentTree |       | |   +-- kind-of@3.0.4
41 silly currentTree |       | |   | `-- is-buffer@1.1.4
41 silly currentTree |       | |   +-- longest@1.0.1
41 silly currentTree |       | |   `-- repeat-string@1.5.4
41 silly currentTree |       | `-- wordwrap@0.0.2
41 silly currentTree |       +-- decamelize@1.2.0
41 silly currentTree |       `-- window-size@0.1.0
41 silly currentTree +-- htmlparser2@3.3.0
41 silly currentTree | `-- domutils@1.1.6
41 silly currentTree +-- http-browserify@1.7.0
41 silly currentTree +-- http-signature@1.1.1
41 silly currentTree +-- https-browserify@0.0.0
41 silly currentTree +-- ieee754@1.1.8
41 silly currentTree +-- in-publish@2.0.0
41 silly currentTree +-- indent-string@2.1.0
41 silly currentTree +-- indexof@0.0.1
41 silly currentTree +-- inflight@1.0.6
41 silly currentTree +-- inherits@2.0.3
41 silly currentTree +-- ini@1.3.4
41 silly currentTree +-- interpret@1.0.1
41 silly currentTree +-- invert-kv@1.0.0
41 silly currentTree +-- is-arrayish@0.2.1
41 silly currentTree +-- is-binary-path@1.0.1
41 silly currentTree +-- is-buffer@1.1.4
41 silly currentTree +-- is-builtin-module@1.0.0
41 silly currentTree +-- is-dotfile@1.0.2
41 silly currentTree +-- is-equal-shallow@0.1.3
41 silly currentTree +-- is-extendable@0.1.1
41 silly currentTree +-- is-finite@1.0.2
41 silly currentTree +-- is-fullwidth-code-point@1.0.0
41 silly currentTree +-- is-my-json-valid@2.15.0
41 silly currentTree +-- is-number@2.1.0
41 silly currentTree +-- is-obj@1.0.1
41 silly currentTree +-- is-plain-obj@1.1.0
41 silly currentTree +-- is-posix-bracket@0.1.1
41 silly currentTree +-- is-primitive@2.0.0
41 silly currentTree +-- is-property@1.0.2
41 silly currentTree +-- is-redirect@1.0.0
41 silly currentTree +-- is-retry-allowed@1.1.0
41 silly currentTree +-- is-stream@1.1.0
41 silly currentTree +-- is-typedarray@1.0.0
41 silly currentTree +-- is-unc-path@0.1.1
41 silly currentTree +-- is-utf8@0.2.1
41 silly currentTree +-- is-windows@0.2.0
41 silly currentTree +-- isarray@0.0.1
41 silly currentTree +-- isexe@1.1.2
41 silly currentTree +-- isobject@2.1.0
41 silly currentTree | `-- isarray@1.0.0
41 silly currentTree +-- isstream@0.1.2
41 silly currentTree +-- jodid25519@1.0.2
41 silly currentTree +-- jsbn@0.1.0
41 silly currentTree +-- json-parse-safe@1.0.3
41 silly currentTree +-- json-schema@0.2.3
41 silly currentTree +-- json-stringify-safe@5.0.1
41 silly currentTree +-- json-web-token@2.0.3
41 silly currentTree +-- json5@0.5.0
41 silly currentTree +-- jsonpointer@4.0.0
41 silly currentTree +-- jsprim@1.3.1
41 silly currentTree +-- kind-of@3.0.4
41 silly currentTree +-- lazy-cache@1.0.4
41 silly currentTree +-- lazy-req@1.1.0
41 silly currentTree +-- lcid@1.0.0
41 silly currentTree +-- liftoff@2.3.0
41 silly currentTree +-- load-json-file@1.1.0
41 silly currentTree +-- loader-utils@0.2.16
41 silly currentTree +-- lodash._basecopy@3.0.1
41 silly currentTree +-- lodash._basetostring@3.0.1
41 silly currentTree +-- lodash._basevalues@3.0.0
41 silly currentTree +-- lodash._escapehtmlchar@2.4.1
41 silly currentTree +-- lodash._escapestringchar@2.4.1
41 silly currentTree +-- lodash._getnative@3.9.1
41 silly currentTree +-- lodash._htmlescapes@2.4.1
41 silly currentTree +-- lodash._isiterateecall@3.0.9
41 silly currentTree +-- lodash._isnative@2.4.1
41 silly currentTree +-- lodash._objecttypes@2.4.1
41 silly currentTree +-- lodash._reescape@3.0.0
41 silly currentTree +-- lodash._reevaluate@3.0.0
41 silly currentTree +-- lodash._reinterpolate@3.0.0
41 silly currentTree +-- lodash._reunescapedhtml@2.4.1
41 silly currentTree | `-- lodash.keys@2.4.1
41 silly currentTree +-- lodash._root@3.0.1
41 silly currentTree +-- lodash._shimkeys@2.4.1
41 silly currentTree +-- lodash.assign@4.2.0
41 silly currentTree +-- lodash.assignwith@4.2.0
41 silly currentTree +-- lodash.clonedeep@4.5.0
41 silly currentTree +-- lodash.defaults@2.4.1
41 silly currentTree | `-- lodash.keys@2.4.1
41 silly currentTree +-- lodash.escape@3.2.0
41 silly currentTree +-- lodash.isarguments@3.1.0
41 silly currentTree +-- lodash.isarray@3.0.4
41 silly currentTree +-- lodash.isempty@4.4.0
41 silly currentTree +-- lodash.isobject@2.4.1
41 silly currentTree +-- lodash.isplainobject@4.0.6
41 silly currentTree +-- lodash.isstring@4.0.1
41 silly currentTree +-- lodash.keys@3.1.2
41 silly currentTree +-- lodash.mapvalues@4.6.0
41 silly currentTree +-- lodash.pick@4.4.0
41 silly currentTree +-- lodash.restparam@3.6.1
41 silly currentTree +-- lodash.template@3.6.2
41 silly currentTree +-- lodash.templatesettings@3.1.1
41 silly currentTree +-- lodash.values@2.4.1
41 silly currentTree | `-- lodash.keys@2.4.1
41 silly currentTree +-- lodash@4.16.4
41 silly currentTree +-- longest@1.0.1
41 silly currentTree +-- loud-rejection@1.6.0
41 silly currentTree +-- lowercase-keys@1.0.0
41 silly currentTree +-- lru-cache@4.0.1
41 silly currentTree +-- map-cache@0.2.2
41 silly currentTree +-- map-obj@1.0.1
41 silly currentTree +-- map-stream@0.0.4
41 silly currentTree +-- memory-fs@0.3.0
41 silly currentTree | +-- isarray@1.0.0
41 silly currentTree | `-- readable-stream@2.1.5
41 silly currentTree +-- meow@3.7.0
41 silly currentTree | `-- minimist@1.2.0
41 silly currentTree +-- micromatch@2.3.11
41 silly currentTree | +-- is-extglob@1.0.0
41 silly currentTree | `-- is-glob@2.0.1
41 silly currentTree +-- mime-db@1.24.0
41 silly currentTree +-- mime-types@2.1.12
41 silly currentTree +-- minimatch@3.0.3
41 silly currentTree +-- minimist@0.0.8
41 silly currentTree +-- mkdirp@0.5.1
41 silly currentTree +-- ms@0.7.1
41 silly currentTree +-- multipipe@0.1.2
41 silly currentTree | +-- duplexer2@0.0.2
41 silly currentTree | `-- readable-stream@1.1.14
41 silly currentTree +-- nan@2.4.0
41 silly currentTree +-- natives@1.1.0
41 silly currentTree +-- node-gyp@3.4.0
41 silly currentTree | `-- npmlog@3.1.2
41 silly currentTree +-- node-libs-browser@0.6.0
41 silly currentTree | `-- readable-stream@1.1.14
41 silly currentTree +-- node-sass@3.10.1
41 silly currentTree | +-- gaze@1.1.2
41 silly currentTree | +-- globule@1.0.0
41 silly currentTree | | `-- glob@7.0.6
41 silly currentTree | `-- lodash@4.9.0
41 silly currentTree +-- node-status-codes@1.0.0
41 silly currentTree +-- node-uuid@1.4.7
41 silly currentTree +-- nopt@3.0.6
41 silly currentTree +-- normalize-package-data@2.3.5
41 silly currentTree +-- normalize-path@2.0.1
41 silly currentTree +-- npmlog@4.0.0
41 silly currentTree +-- nth-check@1.0.1
41 silly currentTree +-- number-is-nan@1.0.1
41 silly currentTree +-- oauth-sign@0.8.2
41 silly currentTree +-- object-assign@4.1.0
41 silly currentTree +-- object.omit@2.0.0
41 silly currentTree +-- once@1.4.0
41 silly currentTree +-- optimist@0.6.1
41 silly currentTree +-- orchestrator@0.3.7
41 silly currentTree | +-- end-of-stream@0.1.5
41 silly currentTree | `-- once@1.3.3
41 silly currentTree +-- os-browserify@0.1.2
41 silly currentTree +-- os-homedir@1.0.2
41 silly currentTree +-- os-locale@1.4.0
41 silly currentTree +-- os-tmpdir@1.0.2
41 silly currentTree +-- osenv@0.1.3
41 silly currentTree +-- pako@0.2.9
41 silly currentTree +-- parse-filepath@1.0.1
41 silly currentTree | +-- is-absolute@0.2.6
41 silly currentTree | `-- is-relative@0.2.1
41 silly currentTree +-- parse-glob@3.0.4
41 silly currentTree | +-- is-extglob@1.0.0
41 silly currentTree | `-- is-glob@2.0.1
41 silly currentTree +-- parse-json@2.2.0
41 silly currentTree +-- path-array@1.0.1
41 silly currentTree +-- path-browserify@0.0.0
41 silly currentTree +-- path-exists@2.1.0
41 silly currentTree +-- path-is-absolute@1.0.1
41 silly currentTree +-- path-root-regex@0.1.2
41 silly currentTree +-- path-root@0.1.1
41 silly currentTree +-- path-type@1.1.0
41 silly currentTree +-- pbkdf2-compat@2.0.1
41 silly currentTree +-- pify@2.3.0
41 silly currentTree +-- pinkie-promise@2.0.1
41 silly currentTree +-- pinkie@2.0.4
41 silly currentTree +-- prepend-http@1.0.4
41 silly currentTree +-- preserve@0.2.0
41 silly currentTree +-- pretty-error@2.0.2
41 silly currentTree +-- pretty-hrtime@1.0.2
41 silly currentTree +-- process-nextick-args@1.0.7
41 silly currentTree +-- process@0.11.9
41 silly currentTree +-- prr@0.0.0
41 silly currentTree +-- pseudomap@1.0.2
41 silly currentTree +-- punycode@1.4.1
41 silly currentTree +-- qs@6.2.1
41 silly currentTree +-- querystring-es3@0.2.1
41 silly currentTree +-- querystring@0.2.0
41 silly currentTree +-- randomatic@1.1.5
41 silly currentTree +-- rc@1.1.6
41 silly currentTree | `-- minimist@1.2.0
41 silly currentTree +-- read-all-stream@3.1.0
41 silly currentTree | +-- isarray@1.0.0
41 silly currentTree | `-- readable-stream@2.1.5
41 silly currentTree +-- read-pkg-up@1.0.1
41 silly currentTree +-- read-pkg@1.1.0
41 silly currentTree +-- readable-stream@1.0.34
41 silly currentTree +-- readdirp@2.1.0
41 silly currentTree | +-- isarray@1.0.0
41 silly currentTree | `-- readable-stream@2.1.5
41 silly currentTree +-- rechoir@0.6.2
41 silly currentTree +-- redent@1.0.0
41 silly currentTree +-- reflect-metadata@0.1.8
41 silly currentTree +-- regex-cache@0.4.3
41 silly currentTree +-- renderkid@2.0.0
41 silly currentTree | `-- utila@0.3.3
41 silly currentTree +-- repeat-element@1.1.2
41 silly currentTree +-- repeat-string@1.5.4
41 silly currentTree +-- repeating@2.0.1
41 silly currentTree +-- replace-ext@0.0.1
41 silly currentTree +-- request@2.75.0
41 silly currentTree +-- require-directory@2.1.1
41 silly currentTree +-- require-main-filename@1.0.1
41 silly currentTree +-- resolve-dir@0.1.1
41 silly currentTree +-- resolve@1.1.7
41 silly currentTree +-- right-align@0.1.3
41 silly currentTree +-- rimraf@2.2.8
41 silly currentTree +-- ripemd160@0.2.0
41 silly currentTree +-- rxjs@5.0.0-beta.12
41 silly currentTree +-- sass-graph@2.1.2
41 silly currentTree | +-- cliui@3.2.0
41 silly currentTree | +-- window-size@0.2.0
41 silly currentTree | `-- yargs@4.8.1
41 silly currentTree +-- semver@5.3.0
41 silly currentTree +-- sequencify@0.0.7
41 silly currentTree +-- set-blocking@2.0.0
41 silly currentTree +-- set-immediate-shim@1.0.1
41 silly currentTree +-- sha.js@2.2.6
41 silly currentTree +-- sigmund@1.0.1
41 silly currentTree +-- signal-exit@3.0.1
41 silly currentTree +-- sntp@1.0.9
41 silly currentTree +-- source-list-map@0.1.6
41 silly currentTree +-- source-map@0.5.6
41 silly currentTree +-- sparkles@1.0.0
41 silly currentTree +-- spdx-correct@1.0.2
41 silly currentTree +-- spdx-expression-parse@1.0.4
41 silly currentTree +-- spdx-license-ids@1.2.2
41 silly currentTree +-- sshpk@1.10.1
41 silly currentTree | `-- assert-plus@1.0.0
41 silly currentTree +-- stream-browserify@1.0.0
41 silly currentTree +-- stream-consume@0.1.0
41 silly currentTree +-- string-width@1.0.2
41 silly currentTree +-- string_decoder@0.10.31
41 silly currentTree +-- stringstream@0.0.5
41 silly currentTree +-- strip-ansi@3.0.1
41 silly currentTree +-- strip-bom@2.0.0
41 silly currentTree +-- strip-indent@1.0.1
41 silly currentTree +-- strip-json-comments@1.0.4
41 silly currentTree +-- supports-color@2.0.0
41 silly currentTree +-- symbol-observable@1.0.4
41 silly currentTree +-- systemjs@0.19.39
41 silly currentTree +-- tapable@0.1.10
41 silly currentTree +-- tar@2.2.1
41 silly currentTree +-- temp-write@0.1.1
41 silly currentTree | +-- graceful-fs@2.0.3
41 silly currentTree | +-- tempfile@0.1.3
41 silly currentTree | `-- uuid@1.4.2
41 silly currentTree +-- through2@0.6.5
41 silly currentTree +-- tildify@1.2.0
41 silly currentTree +-- time-stamp@1.0.1
41 silly currentTree +-- timed-out@2.0.0
41 silly currentTree +-- timers-browserify@1.4.2
41 silly currentTree +-- toposort@1.0.0
41 silly currentTree +-- tough-cookie@2.3.1
41 silly currentTree +-- trim-newlines@1.0.0
41 silly currentTree +-- tty-browserify@0.0.0
41 silly currentTree +-- tunnel-agent@0.4.3
41 silly currentTree +-- tweetnacl@0.14.3
41 silly currentTree +-- typedarray@0.0.6
41 silly currentTree +-- typescript@2.0.3
41 silly currentTree +-- typings@1.4.0
41 silly currentTree | +-- any-promise@1.3.0
41 silly currentTree | +-- columnify@1.5.4
41 silly currentTree | | `-- wcwidth@1.0.1
41 silly currentTree | +-- listify@1.0.0
41 silly currentTree | +-- minimist@1.2.0
41 silly currentTree | +-- typings-core@1.6.0
41 silly currentTree | | +-- configstore@2.1.0
41 silly currentTree | | | +-- dot-prop@3.0.0
41 silly currentTree | | | +-- write-file-atomic@1.2.0
41 silly currentTree | | | | +-- imurmurhash@0.1.4
41 silly currentTree | | | | `-- slide@1.1.6
41 silly currentTree | | | `-- xdg-basedir@2.0.0
41 silly currentTree | | +-- detect-indent@4.0.0
41 silly currentTree | | +-- has@1.0.1
41 silly currentTree | | | `-- function-bind@1.1.0
41 silly currentTree | | +-- invariant@2.2.1
41 silly currentTree | | | `-- loose-envify@1.2.0
41 silly currentTree | | |   `-- js-tokens@1.0.3
41 silly currentTree | | +-- is-absolute@0.2.6
41 silly currentTree | | | `-- is-relative@0.2.1
41 silly currentTree | | +-- lockfile@1.0.2
41 silly currentTree | | +-- make-error-cause@1.2.2
41 silly currentTree | | | `-- make-error@1.2.1
41 silly currentTree | | +-- object.pick@1.1.2
41 silly currentTree | | +-- popsicle-proxy-agent@3.0.0
41 silly currentTree | | | +-- http-proxy-agent@1.0.0
41 silly currentTree | | | | `-- agent-base@2.0.1
41 silly currentTree | | | |   `-- semver@5.0.3
41 silly currentTree | | | `-- https-proxy-agent@1.0.0
41 silly currentTree | | |   `-- agent-base@2.0.1
41 silly currentTree | | |     `-- semver@5.0.3
41 silly currentTree | | +-- popsicle-retry@3.2.1
41 silly currentTree | | +-- popsicle-rewrite@1.0.0
41 silly currentTree | | +-- popsicle-status@2.0.0
41 silly currentTree | | +-- popsicle@8.2.0
41 silly currentTree | | | `-- throwback@1.1.1
41 silly currentTree | | +-- promise-finally@2.2.1
41 silly currentTree | | +-- rimraf@2.5.4
41 silly currentTree | | +-- sort-keys@1.1.2
41 silly currentTree | | +-- string-template@1.0.0
41 silly currentTree | | +-- thenify@3.2.1
41 silly currentTree | | +-- throat@3.0.0
41 silly currentTree | | +-- touch@1.0.0
41 silly currentTree | | | `-- nopt@1.0.10
41 silly currentTree | | +-- typescript@2.0.3
41 silly currentTree | | `-- zip-object@0.1.0
41 silly currentTree | +-- update-notifier@1.0.2
41 silly currentTree | | +-- boxen@0.6.0
41 silly currentTree | | | +-- ansi-align@1.1.0
41 silly currentTree | | | +-- camelcase@2.1.1
41 silly currentTree | | | +-- cli-boxes@1.0.0
41 silly currentTree | | | +-- filled-array@1.1.0
41 silly currentTree | | | `-- widest-line@1.0.0
41 silly currentTree | | +-- configstore@2.1.0
41 silly currentTree | | | +-- dot-prop@3.0.0
41 silly currentTree | | | `-- write-file-atomic@1.2.0
41 silly currentTree | | |   +-- imurmurhash@0.1.4
41 silly currentTree | | |   `-- slide@1.1.6
41 silly currentTree | | +-- is-npm@1.0.0
41 silly currentTree | | +-- latest-version@2.0.0
41 silly currentTree | | | `-- package-json@2.4.0
41 silly currentTree | | |   +-- registry-auth-token@3.1.0
41 silly currentTree | | |   `-- registry-url@3.1.0
41 silly currentTree | | +-- semver-diff@2.1.0
41 silly currentTree | | `-- xdg-basedir@2.0.0
41 silly currentTree | `-- wordwrap@1.0.0
41 silly currentTree +-- uglify-js@2.6.4
41 silly currentTree | `-- async@0.2.10
41 silly currentTree +-- uglify-to-browserify@1.0.2
41 silly currentTree +-- unc-path-regex@0.1.2
41 silly currentTree +-- unzip-response@1.0.1
41 silly currentTree +-- url-parse-lax@1.0.0
41 silly currentTree +-- url@0.10.3
41 silly currentTree | `-- punycode@1.3.2
41 silly currentTree +-- user-home@1.1.1
41 silly currentTree +-- util-deprecate@1.0.2
41 silly currentTree +-- util@0.10.3
41 silly currentTree | `-- inherits@2.0.1
41 silly currentTree +-- utila@0.4.0
41 silly currentTree +-- uuid@2.0.3
41 silly currentTree +-- v8flags@2.0.11
41 silly currentTree +-- validate-npm-package-license@3.0.1
41 silly currentTree +-- verror@1.3.6
41 silly currentTree +-- vinyl-sourcemaps-apply@0.2.1
41 silly currentTree +-- vm-browserify@0.0.4
41 silly currentTree +-- watchpack@0.2.9
41 silly currentTree | `-- async@0.9.2
41 silly currentTree +-- webpack-core@0.6.8
41 silly currentTree | `-- source-map@0.4.4
41 silly currentTree +-- webpack-sources@0.1.2
41 silly currentTree +-- webpack@1.13.2
41 silly currentTree | +-- interpret@0.6.6
41 silly currentTree | `-- supports-color@3.1.2
41 silly currentTree +-- when@3.7.7
41 silly currentTree +-- which-module@1.0.0
41 silly currentTree +-- which@1.2.11
41 silly currentTree +-- wide-align@1.1.0
41 silly currentTree +-- window-size@0.1.0
41 silly currentTree +-- wordwrap@0.0.2
41 silly currentTree +-- wrap-ansi@2.0.0
41 silly currentTree +-- wrappy@1.0.2
41 silly currentTree +-- xtend@4.0.1
41 silly currentTree +-- y18n@3.2.1
41 silly currentTree +-- yallist@2.0.0
41 silly currentTree +-- yargs-parser@2.4.1
41 silly currentTree | `-- camelcase@3.0.0
41 silly currentTree +-- yargs@3.10.0
41 silly currentTree `-- zone.js@0.6.26
42 silly idealTree eatsmart@1.0.0
42 silly idealTree +-- @angular/common@2.1.0
42 silly idealTree +-- @angular/compiler@2.1.0
42 silly idealTree +-- @angular/core@2.1.0
42 silly idealTree +-- @angular/forms@2.1.0
42 silly idealTree +-- @angular/http@2.1.0
42 silly idealTree +-- @angular/platform-browser-dynamic@2.1.0
42 silly idealTree +-- @angular/platform-browser@2.1.0
42 silly idealTree +-- @angular/router@3.1.0
42 silly idealTree +-- @angular/upgrade@2.1.0
42 silly idealTree +-- Base64@0.2.1
42 silly idealTree +-- abbrev@1.0.9
42 silly idealTree +-- acorn@3.3.0
42 silly idealTree +-- align-text@0.1.4
42 silly idealTree +-- amdefine@1.0.0
42 silly idealTree +-- angular-in-memory-web-api@0.1.12
42 silly idealTree +-- angular2-image-popup@1.1.1
42 silly idealTree | +-- rxjs@5.0.0-beta.6
42 silly idealTree | `-- systemjs@0.19.27
42 silly idealTree +-- angular2-jwt@0.1.23
42 silly idealTree +-- angular2-onsenui@1.0.0-rc.1
42 silly idealTree +-- ansi-regex@2.0.0
42 silly idealTree +-- ansi-styles@2.2.1
42 silly idealTree +-- anymatch@1.3.0
42 silly idealTree +-- aproba@1.0.4
42 silly idealTree +-- archy@1.0.0
42 silly idealTree +-- are-we-there-yet@1.1.2
42 silly idealTree | +-- isarray@1.0.0
42 silly idealTree | `-- readable-stream@2.1.5
42 silly idealTree +-- arr-diff@2.0.0
42 silly idealTree +-- arr-flatten@1.0.1
42 silly idealTree +-- array-differ@1.0.0
42 silly idealTree +-- array-find-index@1.0.2
42 silly idealTree +-- array-index@1.0.0
42 silly idealTree +-- array-uniq@1.0.3
42 silly idealTree +-- array-unique@0.2.1
42 silly idealTree +-- arrify@1.0.1
42 silly idealTree +-- asn1@0.2.3
42 silly idealTree +-- assert-plus@0.2.0
42 silly idealTree +-- assert@1.4.1
42 silly idealTree +-- async-each@1.0.1
42 silly idealTree +-- async-foreach@0.1.3
42 silly idealTree +-- async@1.5.2
42 silly idealTree +-- asynckit@0.4.0
42 silly idealTree +-- atob@2.0.3
42 silly idealTree +-- aws-sign2@0.6.0
42 silly idealTree +-- aws4@1.5.0
42 silly idealTree +-- balanced-match@0.4.2
42 silly idealTree +-- base-64@0.1.0
42 silly idealTree +-- base64-js@1.2.0
42 silly idealTree +-- base64-url@1.3.3
42 silly idealTree +-- bcrypt-pbkdf@1.0.0
42 silly idealTree +-- beeper@1.1.0
42 silly idealTree +-- big.js@3.1.3
42 silly idealTree +-- binary-extensions@1.7.0
42 silly idealTree +-- bl@1.1.2
42 silly idealTree | +-- isarray@1.0.0
42 silly idealTree | `-- readable-stream@2.0.6
42 silly idealTree +-- block-stream@0.0.9
42 silly idealTree +-- bluebird@3.4.6
42 silly idealTree +-- boolbase@1.0.0
42 silly idealTree +-- boom@2.10.1
42 silly idealTree +-- bootstrap@3.3.7
42 silly idealTree +-- brace-expansion@1.1.6
42 silly idealTree +-- braces@1.8.5
42 silly idealTree +-- browserify-zlib@0.1.4
42 silly idealTree +-- buffer-shims@1.0.0
42 silly idealTree +-- buffer@4.9.1
42 silly idealTree | `-- isarray@1.0.0
42 silly idealTree +-- builtin-modules@1.1.1
42 silly idealTree +-- camelcase-keys@2.1.0
42 silly idealTree | `-- camelcase@2.1.1
42 silly idealTree +-- camelcase@1.2.1
42 silly idealTree +-- capture-stack-trace@1.0.0
42 silly idealTree +-- caseless@0.11.0
42 silly idealTree +-- center-align@0.1.3
42 silly idealTree +-- chalk@1.1.3
42 silly idealTree +-- chokidar@1.6.1
42 silly idealTree | +-- glob-parent@2.0.0
42 silly idealTree | +-- is-extglob@1.0.0
42 silly idealTree | `-- is-glob@2.0.1
42 silly idealTree +-- clean-css@3.4.20
42 silly idealTree | +-- commander@2.8.1
42 silly idealTree | `-- source-map@0.4.4
42 silly idealTree +-- cliui@2.1.0
42 silly idealTree +-- clone-stats@0.0.1
42 silly idealTree +-- clone@1.0.2
42 silly idealTree +-- code-point-at@1.0.1
42 silly idealTree +-- combined-stream@1.0.5
42 silly idealTree +-- commander@2.9.0
42 silly idealTree +-- concat-map@0.0.1
42 silly idealTree +-- concat-stream@1.5.2
42 silly idealTree | +-- isarray@1.0.0
42 silly idealTree | `-- readable-stream@2.0.6
42 silly idealTree +-- concat-with-sourcemaps@1.0.4
42 silly idealTree +-- concurrently@3.0.0
42 silly idealTree | +-- bluebird@2.9.6
42 silly idealTree | +-- chalk@0.5.1
42 silly idealTree | | +-- ansi-styles@1.1.0
42 silly idealTree | | +-- has-ansi@0.1.0
42 silly idealTree | | | `-- ansi-regex@0.2.1
42 silly idealTree | | +-- strip-ansi@0.3.0
42 silly idealTree | | | `-- ansi-regex@0.2.1
42 silly idealTree | | `-- supports-color@0.2.0
42 silly idealTree | +-- commander@2.6.0
42 silly idealTree | +-- moment@2.15.1
42 silly idealTree | +-- rx@2.3.24
42 silly idealTree | +-- spawn-default-shell@1.1.0
42 silly idealTree | `-- tree-kill@1.1.0
42 silly idealTree +-- console-browserify@1.1.0
42 silly idealTree +-- console-control-strings@1.1.0
42 silly idealTree +-- constants-browserify@0.0.1
42 silly idealTree +-- core-js@2.4.1
42 silly idealTree +-- core-util-is@1.0.2
42 silly idealTree +-- create-error-class@3.0.2
42 silly idealTree +-- cross-spawn@3.0.1
42 silly idealTree +-- cryptiles@2.0.5
42 silly idealTree +-- crypto-browserify@3.2.8
42 silly idealTree +-- css-select@1.2.0
42 silly idealTree +-- css-what@2.1.0
42 silly idealTree +-- currently-unhandled@0.4.1
42 silly idealTree +-- d@0.1.1
42 silly idealTree +-- dashdash@1.14.0
42 silly idealTree | `-- assert-plus@1.0.0
42 silly idealTree +-- date-now@0.1.4
42 silly idealTree +-- dateformat@1.0.12
42 silly idealTree +-- deap@1.0.0
42 silly idealTree +-- debug@2.2.0
42 silly idealTree +-- decamelize@1.2.0
42 silly idealTree +-- deep-extend@0.4.1
42 silly idealTree +-- defaults@1.0.3
42 silly idealTree +-- delayed-stream@1.0.0
42 silly idealTree +-- delegates@1.0.0
42 silly idealTree +-- deprecated@0.0.1
42 silly idealTree +-- detect-file@0.1.0
42 silly idealTree +-- dom-converter@0.1.4
42 silly idealTree | `-- utila@0.3.3
42 silly idealTree +-- dom-serializer@0.1.0
42 silly idealTree | `-- domelementtype@1.1.3
42 silly idealTree +-- domain-browser@1.1.7
42 silly idealTree +-- domelementtype@1.3.0
42 silly idealTree +-- domhandler@2.1.0
42 silly idealTree +-- domutils@1.5.1
42 silly idealTree +-- duplexer2@0.1.4
42 silly idealTree | +-- isarray@1.0.0
42 silly idealTree | `-- readable-stream@2.1.5
42 silly idealTree +-- ecc-jsbn@0.1.1
42 silly idealTree +-- emojis-list@2.1.0
42 silly idealTree +-- enhanced-resolve@0.9.1
42 silly idealTree | `-- memory-fs@0.2.0
42 silly idealTree +-- entities@1.1.1
42 silly idealTree +-- errno@0.1.4
42 silly idealTree +-- error-ex@1.3.0
42 silly idealTree +-- es5-ext@0.10.12
42 silly idealTree +-- es6-iterator@2.0.0
42 silly idealTree +-- es6-promise@4.0.5
42 silly idealTree +-- es6-shim@0.35.1
42 silly idealTree +-- es6-symbol@3.1.0
42 silly idealTree +-- escape-string-regexp@1.0.5
42 silly idealTree +-- events@1.1.1
42 silly idealTree +-- expand-brackets@0.1.5
42 silly idealTree +-- expand-range@1.8.2
42 silly idealTree +-- expand-tilde@1.2.2
42 silly idealTree +-- extend@3.0.0
42 silly idealTree +-- extglob@0.3.2
42 silly idealTree | `-- is-extglob@1.0.0
42 silly idealTree +-- extract-text-plus-webpack-plugin@1.0.0
42 silly idealTree | `-- async@1.5.2
42 silly idealTree +-- extsprintf@1.0.2
42 silly idealTree +-- fancy-log@1.2.0
42 silly idealTree +-- fancybox@3.0.0
42 silly idealTree +-- filename-regex@2.0.0
42 silly idealTree +-- fill-range@2.2.3
42 silly idealTree +-- find-index@0.1.1
42 silly idealTree +-- find-up@1.1.2
42 silly idealTree +-- findup-sync@0.4.3
42 silly idealTree | +-- is-extglob@1.0.0
42 silly idealTree | `-- is-glob@2.0.1
42 silly idealTree +-- fined@1.0.2
42 silly idealTree +-- first-chunk-stream@1.0.0
42 silly idealTree +-- flagged-respawn@0.3.2
42 silly idealTree +-- font-awesome@4.7.0
42 silly idealTree +-- for-in@0.1.6
42 silly idealTree +-- for-own@0.1.4
42 silly idealTree +-- forever-agent@0.6.1
42 silly idealTree +-- form-data@2.0.0
42 silly idealTree +-- fs-exists-sync@0.1.0
42 silly idealTree +-- fs.realpath@1.0.0
42 silly idealTree +-- fstream@1.0.10
42 silly idealTree +-- gauge@2.6.0
42 silly idealTree +-- gaze@0.5.2
42 silly idealTree +-- generate-function@2.0.0
42 silly idealTree +-- generate-object-property@1.2.0
42 silly idealTree +-- get-caller-file@1.0.2
42 silly idealTree +-- get-stdin@4.0.1
42 silly idealTree +-- getpass@0.1.6
42 silly idealTree | `-- assert-plus@1.0.0
42 silly idealTree +-- glob-base@0.3.0
42 silly idealTree | +-- glob-parent@2.0.0
42 silly idealTree | +-- is-extglob@1.0.0
42 silly idealTree | `-- is-glob@2.0.1
42 silly idealTree +-- glob-watcher@0.0.6
42 silly idealTree +-- glob2base@0.0.12
42 silly idealTree +-- glob@7.1.1
42 silly idealTree +-- global-modules@0.2.3
42 silly idealTree +-- global-prefix@0.1.4
42 silly idealTree +-- globule@0.1.0
42 silly idealTree | +-- glob@3.1.21
42 silly idealTree | +-- graceful-fs@1.2.3
42 silly idealTree | +-- inherits@1.0.2
42 silly idealTree | +-- lodash@1.0.2
42 silly idealTree | +-- lru-cache@2.7.3
42 silly idealTree | `-- minimatch@0.2.14
42 silly idealTree +-- glogg@1.0.0
42 silly idealTree +-- got@5.6.0
42 silly idealTree | +-- isarray@1.0.0
42 silly idealTree | `-- readable-stream@2.1.5
42 silly idealTree +-- graceful-fs@4.1.9
42 silly idealTree +-- graceful-readlink@1.0.1
42 silly idealTree +-- gulp-concat@2.5.2
42 silly idealTree +-- gulp-cssmin@0.1.7
42 silly idealTree | +-- ansi-regex@0.2.1
42 silly idealTree | +-- ansi-styles@1.1.0
42 silly idealTree | +-- chalk@0.5.1
42 silly idealTree | +-- filesize@2.0.4
42 silly idealTree | +-- graceful-fs@2.0.3
42 silly idealTree | +-- gulp-rename@1.1.0
42 silly idealTree | | `-- map-stream@0.0.6
42 silly idealTree | +-- gulp-util@2.2.20
42 silly idealTree | | +-- dateformat@1.0.12
42 silly idealTree | | | +-- get-stdin@4.0.1
42 silly idealTree | | | `-- meow@3.7.0
42 silly idealTree | | |   +-- camelcase-keys@2.1.0
42 silly idealTree | | |   | `-- camelcase@2.1.1
42 silly idealTree | | |   +-- decamelize@1.2.0
42 silly idealTree | | |   +-- loud-rejection@1.6.0
42 silly idealTree | | |   | +-- currently-unhandled@0.4.1
42 silly idealTree | | |   | | `-- array-find-index@1.0.2
42 silly idealTree | | |   | `-- signal-exit@3.0.1
42 silly idealTree | | |   +-- map-obj@1.0.1
42 silly idealTree | | |   +-- minimist@1.2.0
42 silly idealTree | | |   +-- normalize-package-data@2.3.5
42 silly idealTree | | |   | +-- hosted-git-info@2.1.5
42 silly idealTree | | |   | +-- is-builtin-module@1.0.0
42 silly idealTree | | |   | | `-- builtin-modules@1.1.1
42 silly idealTree | | |   | +-- semver@5.3.0
42 silly idealTree | | |   | `-- validate-npm-package-license@3.0.1
42 silly idealTree | | |   |   +-- spdx-correct@1.0.2
42 silly idealTree | | |   |   | `-- spdx-license-ids@1.2.2
42 silly idealTree | | |   |   `-- spdx-expression-parse@1.0.4
42 silly idealTree | | |   +-- object-assign@4.1.0
42 silly idealTree | | |   +-- read-pkg-up@1.0.1
42 silly idealTree | | |   | +-- find-up@1.1.2
42 silly idealTree | | |   | | +-- path-exists@2.1.0
42 silly idealTree | | |   | | `-- pinkie-promise@2.0.1
42 silly idealTree | | |   | |   `-- pinkie@2.0.4
42 silly idealTree | | |   | `-- read-pkg@1.1.0
42 silly idealTree | | |   |   +-- load-json-file@1.1.0
42 silly idealTree | | |   |   | +-- graceful-fs@4.1.9
42 silly idealTree | | |   |   | +-- parse-json@2.2.0
42 silly idealTree | | |   |   | | `-- error-ex@1.3.0
42 silly idealTree | | |   |   | |   `-- is-arrayish@0.2.1
42 silly idealTree | | |   |   | +-- pify@2.3.0
42 silly idealTree | | |   |   | +-- pinkie-promise@2.0.1
42 silly idealTree | | |   |   | | `-- pinkie@2.0.4
42 silly idealTree | | |   |   | `-- strip-bom@2.0.0
42 silly idealTree | | |   |   |   `-- is-utf8@0.2.1
42 silly idealTree | | |   |   `-- path-type@1.1.0
42 silly idealTree | | |   |     +-- graceful-fs@4.1.9
42 silly idealTree | | |   |     +-- pify@2.3.0
42 silly idealTree | | |   |     `-- pinkie-promise@2.0.1
42 silly idealTree | | |   |       `-- pinkie@2.0.4
42 silly idealTree | | |   +-- redent@1.0.0
42 silly idealTree | | |   | +-- indent-string@2.1.0
42 silly idealTree | | |   | | `-- repeating@2.0.1
42 silly idealTree | | |   | |   `-- is-finite@1.0.2
42 silly idealTree | | |   | |     `-- number-is-nan@1.0.1
42 silly idealTree | | |   | `-- strip-indent@1.0.1
42 silly idealTree | | |   `-- trim-newlines@1.0.0
42 silly idealTree | | `-- multipipe@0.1.2
42 silly idealTree | |   `-- duplexer2@0.0.2
42 silly idealTree | |     `-- readable-stream@1.1.14
42 silly idealTree | |       +-- core-util-is@1.0.2
42 silly idealTree | |       +-- inherits@2.0.3
42 silly idealTree | |       +-- isarray@0.0.1
42 silly idealTree | |       `-- string_decoder@0.10.31
42 silly idealTree | +-- has-ansi@0.1.0
42 silly idealTree | +-- lodash._reinterpolate@2.4.1
42 silly idealTree | +-- lodash.escape@2.4.1
42 silly idealTree | +-- lodash.keys@2.4.1
42 silly idealTree | +-- lodash.template@2.4.1
42 silly idealTree | +-- lodash.templatesettings@2.4.1
42 silly idealTree | +-- map-stream@0.0.4
42 silly idealTree | +-- minimist@0.2.0
42 silly idealTree | +-- strip-ansi@0.3.0
42 silly idealTree | +-- supports-color@0.2.0
42 silly idealTree | +-- temp-write@0.1.1
42 silly idealTree | | `-- tempfile@0.1.3
42 silly idealTree | |   `-- uuid@1.4.2
42 silly idealTree | +-- through2@0.5.1
42 silly idealTree | +-- vinyl@0.2.3
42 silly idealTree | `-- xtend@3.0.0
42 silly idealTree +-- gulp-sass@2.3.2
42 silly idealTree | +-- isarray@1.0.0
42 silly idealTree | +-- readable-stream@2.0.6
42 silly idealTree | `-- through2@2.0.1
42 silly idealTree |   `-- readable-stream@2.0.6
42 silly idealTree |     +-- core-util-is@1.0.2
42 silly idealTree |     +-- inherits@2.0.3
42 silly idealTree |     +-- isarray@1.0.0
42 silly idealTree |     +-- process-nextick-args@1.0.7
42 silly idealTree |     +-- string_decoder@0.10.31
42 silly idealTree |     `-- util-deprecate@1.0.2
42 silly idealTree +-- gulp-uglify@1.2.0
42 silly idealTree | +-- uglify-js@2.4.19
42 silly idealTree | | +-- async@0.2.10
42 silly idealTree | | +-- source-map@0.1.34
42 silly idealTree | | `-- yargs@3.5.4
42 silly idealTree | `-- vinyl-sourcemaps-apply@0.1.4
42 silly idealTree |   `-- source-map@0.1.43
42 silly idealTree +-- gulp-util@3.0.7
42 silly idealTree | +-- isarray@1.0.0
42 silly idealTree | +-- minimist@1.2.0
42 silly idealTree | +-- object-assign@3.0.0
42 silly idealTree | +-- readable-stream@2.0.6
42 silly idealTree | +-- through2@2.0.1
42 silly idealTree | `-- vinyl@0.5.3
42 silly idealTree +-- gulp@3.9.1
42 silly idealTree | +-- clone@0.2.0
42 silly idealTree | +-- glob-stream@3.1.18
42 silly idealTree | +-- glob@4.5.3
42 silly idealTree | +-- graceful-fs@3.0.11
42 silly idealTree | +-- minimatch@2.0.10
42 silly idealTree | +-- minimist@1.2.0
42 silly idealTree | +-- ordered-read-streams@0.1.0
42 silly idealTree | +-- semver@4.3.6
42 silly idealTree | +-- strip-bom@1.0.0
42 silly idealTree | +-- unique-stream@1.0.0
42 silly idealTree | +-- vinyl-fs@0.3.14
42 silly idealTree | `-- vinyl@0.4.6
42 silly idealTree +-- gulplog@1.0.0
42 silly idealTree +-- har-validator@2.0.6
42 silly idealTree +-- has-ansi@2.0.0
42 silly idealTree +-- has-color@0.1.7
42 silly idealTree +-- has-flag@1.0.0
42 silly idealTree +-- has-gulplog@0.1.0
42 silly idealTree +-- has-unicode@2.0.1
42 silly idealTree +-- hawk@3.1.3
42 silly idealTree +-- hoek@2.16.3
42 silly idealTree +-- hosted-git-info@2.1.5
42 silly idealTree +-- html-webpack-plugin@2.22.0
42 silly idealTree | `-- html-minifier@2.1.7
42 silly idealTree |   +-- change-case@3.0.0
42 silly idealTree |   | +-- camel-case@3.0.0
42 silly idealTree |   | +-- constant-case@2.0.0
42 silly idealTree |   | +-- dot-case@2.1.0
42 silly idealTree |   | +-- header-case@1.0.0
42 silly idealTree |   | +-- is-lower-case@1.1.3
42 silly idealTree |   | +-- is-upper-case@1.1.2
42 silly idealTree |   | +-- lower-case-first@1.0.2
42 silly idealTree |   | +-- lower-case@1.1.3
42 silly idealTree |   | +-- no-case@2.3.0
42 silly idealTree |   | +-- param-case@2.1.0
42 silly idealTree |   | +-- pascal-case@2.0.0
42 silly idealTree |   | +-- path-case@2.1.0
42 silly idealTree |   | +-- sentence-case@2.1.0
42 silly idealTree |   | +-- snake-case@2.1.0
42 silly idealTree |   | +-- swap-case@1.1.2
42 silly idealTree |   | +-- title-case@2.1.0
42 silly idealTree |   | +-- upper-case-first@1.1.2
42 silly idealTree |   | `-- upper-case@1.1.3
42 silly idealTree |   +-- clean-css@3.4.20
42 silly idealTree |   | +-- commander@2.8.1
42 silly idealTree |   | | `-- graceful-readlink@1.0.1
42 silly idealTree |   | `-- source-map@0.4.4
42 silly idealTree |   |   `-- amdefine@1.0.0
42 silly idealTree |   +-- commander@2.9.0
42 silly idealTree |   | `-- graceful-readlink@1.0.1
42 silly idealTree |   +-- he@1.1.0
42 silly idealTree |   +-- ncname@1.0.0
42 silly idealTree |   | `-- xml-char-classes@1.0.0
42 silly idealTree |   +-- relateurl@0.2.7
42 silly idealTree |   `-- uglify-js@2.6.4
42 silly idealTree |     +-- async@0.2.10
42 silly idealTree |     +-- source-map@0.5.6
42 silly idealTree |     +-- uglify-to-browserify@1.0.2
42 silly idealTree |     `-- yargs@3.10.0
42 silly idealTree |       +-- camelcase@1.2.1
42 silly idealTree |       +-- cliui@2.1.0
42 silly idealTree |       | +-- center-align@0.1.3
42 silly idealTree |       | | +-- align-text@0.1.4
42 silly idealTree |       | | | +-- kind-of@3.0.4
42 silly idealTree |       | | | | `-- is-buffer@1.1.4
42 silly idealTree |       | | | +-- longest@1.0.1
42 silly idealTree |       | | | `-- repeat-string@1.5.4
42 silly idealTree |       | | `-- lazy-cache@1.0.4
42 silly idealTree |       | +-- right-align@0.1.3
42 silly idealTree |       | | `-- align-text@0.1.4
42 silly idealTree |       | |   +-- kind-of@3.0.4
42 silly idealTree |       | |   | `-- is-buffer@1.1.4
42 silly idealTree |       | |   +-- longest@1.0.1
42 silly idealTree |       | |   `-- repeat-string@1.5.4
42 silly idealTree |       | `-- wordwrap@0.0.2
42 silly idealTree |       +-- decamelize@1.2.0
42 silly idealTree |       `-- window-size@0.1.0
42 silly idealTree +-- htmlparser2@3.3.0
42 silly idealTree | `-- domutils@1.1.6
42 silly idealTree +-- http-browserify@1.7.0
42 silly idealTree +-- http-signature@1.1.1
42 silly idealTree +-- https-browserify@0.0.0
42 silly idealTree +-- ieee754@1.1.8
42 silly idealTree +-- in-publish@2.0.0
42 silly idealTree +-- indent-string@2.1.0
42 silly idealTree +-- indexof@0.0.1
42 silly idealTree +-- inflight@1.0.6
42 silly idealTree +-- inherits@2.0.3
42 silly idealTree +-- ini@1.3.4
42 silly idealTree +-- interpret@1.0.1
42 silly idealTree +-- invert-kv@1.0.0
42 silly idealTree +-- is-arrayish@0.2.1
42 silly idealTree +-- is-binary-path@1.0.1
42 silly idealTree +-- is-buffer@1.1.4
42 silly idealTree +-- is-builtin-module@1.0.0
42 silly idealTree +-- is-dotfile@1.0.2
42 silly idealTree +-- is-equal-shallow@0.1.3
42 silly idealTree +-- is-extendable@0.1.1
42 silly idealTree +-- is-finite@1.0.2
42 silly idealTree +-- is-fullwidth-code-point@1.0.0
42 silly idealTree +-- is-my-json-valid@2.15.0
42 silly idealTree +-- is-number@2.1.0
42 silly idealTree +-- is-obj@1.0.1
42 silly idealTree +-- is-plain-obj@1.1.0
42 silly idealTree +-- is-posix-bracket@0.1.1
42 silly idealTree +-- is-primitive@2.0.0
42 silly idealTree +-- is-property@1.0.2
42 silly idealTree +-- is-redirect@1.0.0
42 silly idealTree +-- is-retry-allowed@1.1.0
42 silly idealTree +-- is-stream@1.1.0
42 silly idealTree +-- is-typedarray@1.0.0
42 silly idealTree +-- is-unc-path@0.1.1
42 silly idealTree +-- is-utf8@0.2.1
42 silly idealTree +-- is-windows@0.2.0
42 silly idealTree +-- isarray@0.0.1
42 silly idealTree +-- isexe@1.1.2
42 silly idealTree +-- isobject@2.1.0
42 silly idealTree | `-- isarray@1.0.0
42 silly idealTree +-- isstream@0.1.2
42 silly idealTree +-- jodid25519@1.0.2
42 silly idealTree +-- jsbn@0.1.0
42 silly idealTree +-- json-parse-safe@1.0.3
42 silly idealTree +-- json-schema@0.2.3
42 silly idealTree +-- json-stringify-safe@5.0.1
42 silly idealTree +-- json-web-token@2.0.3
42 silly idealTree +-- json5@0.5.0
42 silly idealTree +-- jsonpointer@4.0.0
42 silly idealTree +-- jsprim@1.3.1
42 silly idealTree +-- kind-of@3.0.4
42 silly idealTree +-- lazy-cache@1.0.4
42 silly idealTree +-- lazy-req@1.1.0
42 silly idealTree +-- lcid@1.0.0
42 silly idealTree +-- liftoff@2.3.0
42 silly idealTree +-- load-json-file@1.1.0
42 silly idealTree +-- loader-utils@0.2.16
42 silly idealTree +-- lodash._basecopy@3.0.1
42 silly idealTree +-- lodash._basetostring@3.0.1
42 silly idealTree +-- lodash._basevalues@3.0.0
42 silly idealTree +-- lodash._escapehtmlchar@2.4.1
42 silly idealTree +-- lodash._escapestringchar@2.4.1
42 silly idealTree +-- lodash._getnative@3.9.1
42 silly idealTree +-- lodash._htmlescapes@2.4.1
42 silly idealTree +-- lodash._isiterateecall@3.0.9
42 silly idealTree +-- lodash._isnative@2.4.1
42 silly idealTree +-- lodash._objecttypes@2.4.1
42 silly idealTree +-- lodash._reescape@3.0.0
42 silly idealTree +-- lodash._reevaluate@3.0.0
42 silly idealTree +-- lodash._reinterpolate@3.0.0
42 silly idealTree +-- lodash._reunescapedhtml@2.4.1
42 silly idealTree | `-- lodash.keys@2.4.1
42 silly idealTree +-- lodash._root@3.0.1
42 silly idealTree +-- lodash._shimkeys@2.4.1
42 silly idealTree +-- lodash.assign@4.2.0
42 silly idealTree +-- lodash.assignwith@4.2.0
42 silly idealTree +-- lodash.clonedeep@4.5.0
42 silly idealTree +-- lodash.defaults@2.4.1
42 silly idealTree | `-- lodash.keys@2.4.1
42 silly idealTree +-- lodash.escape@3.2.0
42 silly idealTree +-- lodash.isarguments@3.1.0
42 silly idealTree +-- lodash.isarray@3.0.4
42 silly idealTree +-- lodash.isempty@4.4.0
42 silly idealTree +-- lodash.isobject@2.4.1
42 silly idealTree +-- lodash.isplainobject@4.0.6
42 silly idealTree +-- lodash.isstring@4.0.1
42 silly idealTree +-- lodash.keys@3.1.2
42 silly idealTree +-- lodash.mapvalues@4.6.0
42 silly idealTree +-- lodash.pick@4.4.0
42 silly idealTree +-- lodash.restparam@3.6.1
42 silly idealTree +-- lodash.template@3.6.2
42 silly idealTree +-- lodash.templatesettings@3.1.1
42 silly idealTree +-- lodash.values@2.4.1
42 silly idealTree | `-- lodash.keys@2.4.1
42 silly idealTree +-- lodash@4.16.4
42 silly idealTree +-- longest@1.0.1
42 silly idealTree +-- loud-rejection@1.6.0
42 silly idealTree +-- lowercase-keys@1.0.0
42 silly idealTree +-- lru-cache@4.0.1
42 silly idealTree +-- map-cache@0.2.2
42 silly idealTree +-- map-obj@1.0.1
42 silly idealTree +-- map-stream@0.0.4
42 silly idealTree +-- memory-fs@0.3.0
42 silly idealTree | +-- isarray@1.0.0
42 silly idealTree | `-- readable-stream@2.1.5
42 silly idealTree +-- meow@3.7.0
42 silly idealTree | `-- minimist@1.2.0
42 silly idealTree +-- micromatch@2.3.11
42 silly idealTree | +-- is-extglob@1.0.0
42 silly idealTree | `-- is-glob@2.0.1
42 silly idealTree +-- mime-db@1.24.0
42 silly idealTree +-- mime-types@2.1.12
42 silly idealTree +-- minimatch@3.0.3
42 silly idealTree +-- minimist@0.0.8
42 silly idealTree +-- mkdirp@0.5.1
42 silly idealTree +-- ms@0.7.1
42 silly idealTree +-- multipipe@0.1.2
42 silly idealTree | +-- duplexer2@0.0.2
42 silly idealTree | `-- readable-stream@1.1.14
42 silly idealTree +-- nan@2.4.0
42 silly idealTree +-- natives@1.1.0
42 silly idealTree +-- node-gyp@3.4.0
42 silly idealTree | `-- npmlog@3.1.2
42 silly idealTree +-- node-libs-browser@0.6.0
42 silly idealTree | `-- readable-stream@1.1.14
42 silly idealTree +-- node-sass@3.10.1
42 silly idealTree | +-- gaze@1.1.2
42 silly idealTree | +-- globule@1.0.0
42 silly idealTree | | `-- glob@7.0.6
42 silly idealTree | `-- lodash@4.9.0
42 silly idealTree +-- node-status-codes@1.0.0
42 silly idealTree +-- node-uuid@1.4.7
42 silly idealTree +-- nopt@3.0.6
42 silly idealTree +-- normalize-package-data@2.3.5
42 silly idealTree +-- normalize-path@2.0.1
42 silly idealTree +-- npmlog@4.0.0
42 silly idealTree +-- nth-check@1.0.1
42 silly idealTree +-- number-is-nan@1.0.1
42 silly idealTree +-- oauth-sign@0.8.2
42 silly idealTree +-- object-assign@4.1.0
42 silly idealTree +-- object.omit@2.0.0
42 silly idealTree +-- once@1.4.0
42 silly idealTree +-- optimist@0.6.1
42 silly idealTree +-- orchestrator@0.3.7
42 silly idealTree | +-- end-of-stream@0.1.5
42 silly idealTree | `-- once@1.3.3
42 silly idealTree +-- os-browserify@0.1.2
42 silly idealTree +-- os-homedir@1.0.2
42 silly idealTree +-- os-locale@1.4.0
42 silly idealTree +-- os-tmpdir@1.0.2
42 silly idealTree +-- osenv@0.1.3
42 silly idealTree +-- pako@0.2.9
42 silly idealTree +-- parse-filepath@1.0.1
42 silly idealTree | +-- is-absolute@0.2.6
42 silly idealTree | `-- is-relative@0.2.1
42 silly idealTree +-- parse-glob@3.0.4
42 silly idealTree | +-- is-extglob@1.0.0
42 silly idealTree | `-- is-glob@2.0.1
42 silly idealTree +-- parse-json@2.2.0
42 silly idealTree +-- path-array@1.0.1
42 silly idealTree +-- path-browserify@0.0.0
42 silly idealTree +-- path-exists@2.1.0
42 silly idealTree +-- path-is-absolute@1.0.1
42 silly idealTree +-- path-root-regex@0.1.2
42 silly idealTree +-- path-root@0.1.1
42 silly idealTree +-- path-type@1.1.0
42 silly idealTree +-- pbkdf2-compat@2.0.1
42 silly idealTree +-- pify@2.3.0
42 silly idealTree +-- pinkie-promise@2.0.1
42 silly idealTree +-- pinkie@2.0.4
42 silly idealTree +-- prepend-http@1.0.4
42 silly idealTree +-- preserve@0.2.0
42 silly idealTree +-- pretty-error@2.0.2
42 silly idealTree +-- pretty-hrtime@1.0.2
42 silly idealTree +-- process-nextick-args@1.0.7
42 silly idealTree +-- process@0.11.9
42 silly idealTree +-- prr@0.0.0
42 silly idealTree +-- pseudomap@1.0.2
42 silly idealTree +-- punycode@1.4.1
42 silly idealTree +-- qs@6.2.1
42 silly idealTree +-- querystring-es3@0.2.1
42 silly idealTree +-- querystring@0.2.0
42 silly idealTree +-- randomatic@1.1.5
42 silly idealTree +-- rc@1.1.6
42 silly idealTree | `-- minimist@1.2.0
42 silly idealTree +-- read-all-stream@3.1.0
42 silly idealTree | +-- isarray@1.0.0
42 silly idealTree | `-- readable-stream@2.1.5
42 silly idealTree +-- read-pkg-up@1.0.1
42 silly idealTree +-- read-pkg@1.1.0
42 silly idealTree +-- readable-stream@1.0.34
42 silly idealTree +-- readdirp@2.1.0
42 silly idealTree | +-- isarray@1.0.0
42 silly idealTree | `-- readable-stream@2.1.5
42 silly idealTree +-- rechoir@0.6.2
42 silly idealTree +-- redent@1.0.0
42 silly idealTree +-- reflect-metadata@0.1.8
42 silly idealTree +-- regex-cache@0.4.3
42 silly idealTree +-- renderkid@2.0.0
42 silly idealTree | `-- utila@0.3.3
42 silly idealTree +-- repeat-element@1.1.2
42 silly idealTree +-- repeat-string@1.5.4
42 silly idealTree +-- repeating@2.0.1
42 silly idealTree +-- replace-ext@0.0.1
42 silly idealTree +-- request@2.75.0
42 silly idealTree +-- require-directory@2.1.1
42 silly idealTree +-- require-main-filename@1.0.1
42 silly idealTree +-- resolve-dir@0.1.1
42 silly idealTree +-- resolve@1.1.7
42 silly idealTree +-- right-align@0.1.3
42 silly idealTree +-- rimraf@2.2.8
42 silly idealTree +-- ripemd160@0.2.0
42 silly idealTree +-- rxjs@5.0.0-beta.12
42 silly idealTree +-- sass-graph@2.1.2
42 silly idealTree | +-- cliui@3.2.0
42 silly idealTree | +-- window-size@0.2.0
42 silly idealTree | `-- yargs@4.8.1
42 silly idealTree +-- semver@5.3.0
42 silly idealTree +-- sequencify@0.0.7
42 silly idealTree +-- set-blocking@2.0.0
42 silly idealTree +-- set-immediate-shim@1.0.1
42 silly idealTree +-- sha.js@2.2.6
42 silly idealTree +-- sigmund@1.0.1
42 silly idealTree +-- signal-exit@3.0.1
42 silly idealTree +-- sntp@1.0.9
42 silly idealTree +-- source-list-map@0.1.6
42 silly idealTree +-- source-map@0.5.6
42 silly idealTree +-- sparkles@1.0.0
42 silly idealTree +-- spdx-correct@1.0.2
42 silly idealTree +-- spdx-expression-parse@1.0.4
42 silly idealTree +-- spdx-license-ids@1.2.2
42 silly idealTree +-- sshpk@1.10.1
42 silly idealTree | `-- assert-plus@1.0.0
42 silly idealTree +-- stream-browserify@1.0.0
42 silly idealTree +-- stream-consume@0.1.0
42 silly idealTree +-- string-width@1.0.2
42 silly idealTree +-- string_decoder@0.10.31
42 silly idealTree +-- stringstream@0.0.5
42 silly idealTree +-- strip-ansi@3.0.1
42 silly idealTree +-- strip-bom@2.0.0
42 silly idealTree +-- strip-indent@1.0.1
42 silly idealTree +-- strip-json-comments@1.0.4
42 silly idealTree +-- supports-color@2.0.0
42 silly idealTree +-- symbol-observable@1.0.4
42 silly idealTree +-- systemjs@0.19.39
42 silly idealTree +-- tapable@0.1.10
42 silly idealTree +-- tar@2.2.1
42 silly idealTree +-- temp-write@0.1.1
42 silly idealTree | +-- graceful-fs@2.0.3
42 silly idealTree | +-- tempfile@0.1.3
42 silly idealTree | `-- uuid@1.4.2
42 silly idealTree +-- through2@0.6.5
42 silly idealTree +-- tildify@1.2.0
42 silly idealTree +-- time-stamp@1.0.1
42 silly idealTree +-- timed-out@2.0.0
42 silly idealTree +-- timers-browserify@1.4.2
42 silly idealTree +-- toposort@1.0.0
42 silly idealTree +-- tough-cookie@2.3.1
42 silly idealTree +-- trim-newlines@1.0.0
42 silly idealTree +-- tty-browserify@0.0.0
42 silly idealTree +-- tunnel-agent@0.4.3
42 silly idealTree +-- tweetnacl@0.14.3
42 silly idealTree +-- typedarray@0.0.6
42 silly idealTree +-- typescript@2.0.3
42 silly idealTree +-- typings@1.4.0
42 silly idealTree | +-- any-promise@1.3.0
42 silly idealTree | +-- columnify@1.5.4
42 silly idealTree | | `-- wcwidth@1.0.1
42 silly idealTree | +-- listify@1.0.0
42 silly idealTree | +-- minimist@1.2.0
42 silly idealTree | +-- typings-core@1.6.0
42 silly idealTree | | +-- configstore@2.1.0
42 silly idealTree | | | +-- dot-prop@3.0.0
42 silly idealTree | | | +-- write-file-atomic@1.2.0
42 silly idealTree | | | | +-- imurmurhash@0.1.4
42 silly idealTree | | | | `-- slide@1.1.6
42 silly idealTree | | | `-- xdg-basedir@2.0.0
42 silly idealTree | | +-- detect-indent@4.0.0
42 silly idealTree | | +-- has@1.0.1
42 silly idealTree | | | `-- function-bind@1.1.0
42 silly idealTree | | +-- invariant@2.2.1
42 silly idealTree | | | `-- loose-envify@1.2.0
42 silly idealTree | | |   `-- js-tokens@1.0.3
42 silly idealTree | | +-- is-absolute@0.2.6
42 silly idealTree | | | `-- is-relative@0.2.1
42 silly idealTree | | +-- lockfile@1.0.2
42 silly idealTree | | +-- make-error-cause@1.2.2
42 silly idealTree | | | `-- make-error@1.2.1
42 silly idealTree | | +-- object.pick@1.1.2
42 silly idealTree | | +-- popsicle-proxy-agent@3.0.0
42 silly idealTree | | | +-- http-proxy-agent@1.0.0
42 silly idealTree | | | | `-- agent-base@2.0.1
42 silly idealTree | | | |   `-- semver@5.0.3
42 silly idealTree | | | `-- https-proxy-agent@1.0.0
42 silly idealTree | | |   `-- agent-base@2.0.1
42 silly idealTree | | |     `-- semver@5.0.3
42 silly idealTree | | +-- popsicle-retry@3.2.1
42 silly idealTree | | +-- popsicle-rewrite@1.0.0
42 silly idealTree | | +-- popsicle-status@2.0.0
42 silly idealTree | | +-- popsicle@8.2.0
42 silly idealTree | | | `-- throwback@1.1.1
42 silly idealTree | | +-- promise-finally@2.2.1
42 silly idealTree | | +-- rimraf@2.5.4
42 silly idealTree | | +-- sort-keys@1.1.2
42 silly idealTree | | +-- string-template@1.0.0
42 silly idealTree | | +-- thenify@3.2.1
42 silly idealTree | | +-- throat@3.0.0
42 silly idealTree | | +-- touch@1.0.0
42 silly idealTree | | | `-- nopt@1.0.10
42 silly idealTree | | +-- typescript@2.0.3
42 silly idealTree | | `-- zip-object@0.1.0
42 silly idealTree | +-- update-notifier@1.0.2
42 silly idealTree | | +-- boxen@0.6.0
42 silly idealTree | | | +-- ansi-align@1.1.0
42 silly idealTree | | | +-- camelcase@2.1.1
42 silly idealTree | | | +-- cli-boxes@1.0.0
42 silly idealTree | | | +-- filled-array@1.1.0
42 silly idealTree | | | `-- widest-line@1.0.0
42 silly idealTree | | +-- configstore@2.1.0
42 silly idealTree | | | +-- dot-prop@3.0.0
42 silly idealTree | | | `-- write-file-atomic@1.2.0
42 silly idealTree | | |   +-- imurmurhash@0.1.4
42 silly idealTree | | |   `-- slide@1.1.6
42 silly idealTree | | +-- is-npm@1.0.0
42 silly idealTree | | +-- latest-version@2.0.0
42 silly idealTree | | | `-- package-json@2.4.0
42 silly idealTree | | |   +-- registry-auth-token@3.1.0
42 silly idealTree | | |   `-- registry-url@3.1.0
42 silly idealTree | | +-- semver-diff@2.1.0
42 silly idealTree | | `-- xdg-basedir@2.0.0
42 silly idealTree | `-- wordwrap@1.0.0
42 silly idealTree +-- uglify-js@2.6.4
42 silly idealTree | `-- async@0.2.10
42 silly idealTree +-- uglify-to-browserify@1.0.2
42 silly idealTree +-- unc-path-regex@0.1.2
42 silly idealTree +-- unzip-response@1.0.1
42 silly idealTree +-- url-parse-lax@1.0.0
42 silly idealTree +-- url@0.10.3
42 silly idealTree | `-- punycode@1.3.2
42 silly idealTree +-- user-home@1.1.1
42 silly idealTree +-- util-deprecate@1.0.2
42 silly idealTree +-- util@0.10.3
42 silly idealTree | `-- inherits@2.0.1
42 silly idealTree +-- utila@0.4.0
42 silly idealTree +-- uuid@2.0.3
42 silly idealTree +-- v8flags@2.0.11
42 silly idealTree +-- validate-npm-package-license@3.0.1
42 silly idealTree +-- verror@1.3.6
42 silly idealTree +-- vinyl-sourcemaps-apply@0.2.1
42 silly idealTree +-- vm-browserify@0.0.4
42 silly idealTree +-- watchpack@0.2.9
42 silly idealTree | `-- async@0.9.2
42 silly idealTree +-- webpack-core@0.6.8
42 silly idealTree | `-- source-map@0.4.4
42 silly idealTree +-- webpack-sources@0.1.2
42 silly idealTree +-- webpack@1.13.2
42 silly idealTree | +-- interpret@0.6.6
42 silly idealTree | `-- supports-color@3.1.2
42 silly idealTree +-- when@3.7.7
42 silly idealTree +-- which-module@1.0.0
42 silly idealTree +-- which@1.2.11
42 silly idealTree +-- wide-align@1.1.0
42 silly idealTree +-- window-size@0.1.0
42 silly idealTree +-- wordwrap@0.0.2
42 silly idealTree +-- wrap-ansi@2.0.0
42 silly idealTree +-- wrappy@1.0.2
42 silly idealTree +-- xtend@4.0.1
42 silly idealTree +-- y18n@3.2.1
42 silly idealTree +-- yallist@2.0.0
42 silly idealTree +-- yargs-parser@2.4.1
42 silly idealTree | `-- camelcase@3.0.0
42 silly idealTree +-- yargs@3.10.0
42 silly idealTree `-- zone.js@0.6.26
43 silly generateActionsToTake Starting
44 silly install generateActionsToTake
45 silly generateActionsToTake Finishing
46 silly diffTrees action count 0
47 silly decomposeActions action count 0
48 silly runTopLevelLifecycles Starting
49 silly install runPreinstallTopLevelLifecycles
50 silly preinstall eatsmart@1.0.0 C:\tfs\Msde.Mars.Angular\src\Msde.Mars.EatSmarty\eatsmart-af7cb163
51 info lifecycle eatsmart@1.0.0~preinstall: eatsmart@1.0.0
52 silly lifecycle eatsmart@1.0.0~preinstall: no script for preinstall, continuing
53 silly executeActions Starting
54 silly install executeActions
55 silly doSerial global-install 0
56 silly doParallel fetch 0
57 verbose correctMkdir C:\Users\rwilcox\AppData\Roaming\npm-cache\_locks correctMkdir not in flight; initializing
58 verbose lock using C:\Users\rwilcox\AppData\Roaming\npm-cache\_locks\staging-92d019dd8fc49110.lock for C:\tfs\Msde.Mars.Angular\src\Msde.Mars.EatSmarty\node_modules\.staging
59 silly doParallel extract 0
60 silly doParallel preinstall 0
61 silly doReverseSerial remove 0
62 silly doSerial move 0
63 silly doSerial finalize 0
64 silly doSerial build 0
65 silly doSerial global-link 0
66 silly doParallel update-linked 0
67 silly doSerial install 0
68 silly doSerial postinstall 0
69 verbose unlock done using C:\Users\rwilcox\AppData\Roaming\npm-cache\_locks\staging-92d019dd8fc49110.lock for C:\tfs\Msde.Mars.Angular\src\Msde.Mars.EatSmarty\node_modules\.staging
70 silly executeActions Finishing
71 silly rollbackFailedOptional Starting
72 silly rollbackFailedOptional Finishing
73 silly install runPostinstallTopLevelLifecycles
74 silly build eatsmart@1.0.0
75 info linkStuff eatsmart@1.0.0
76 silly linkStuff eatsmart@1.0.0 has C:\tfs\Msde.Mars.Angular\src as its parent node_modules
77 verbose linkBins eatsmart@1.0.0
78 verbose linkMans eatsmart@1.0.0
79 silly install eatsmart@1.0.0 C:\tfs\Msde.Mars.Angular\src\Msde.Mars.EatSmarty\eatsmart-af7cb163
80 info lifecycle eatsmart@1.0.0~install: eatsmart@1.0.0
81 silly lifecycle eatsmart@1.0.0~install: no script for install, continuing
82 silly postinstall eatsmart@1.0.0 C:\tfs\Msde.Mars.Angular\src\Msde.Mars.EatSmarty\eatsmart-af7cb163
83 info lifecycle eatsmart@1.0.0~postinstall: eatsmart@1.0.0
84 verbose lifecycle eatsmart@1.0.0~postinstall: unsafe-perm in lifecycle true
85 verbose lifecycle eatsmart@1.0.0~postinstall: PATH: C:\Program Files\nodejs\node_modules\npm\bin\node-gyp-bin;C:\tfs\Msde.Mars.Angular\src\Msde.Mars.EatSmarty\node_modules\.bin;C:\Program Files\nodejs;.\node_modules\.bin;C:\Program Files (x86)\Microsoft Visual Studio 14.0\Web\External;C:\Ruby22-x64\bin;C:\Program Files (x86)\iis express\PHP\v5.3;C:\ProgramData\Oracle\Java\javapath;C:\Windows\system32;C:\Windows;C:\Windows\System32\Wbem;C:\Windows\System32\WindowsPowerShell\v1.0\;C:\Program Files (x86)\Intel\OpenCL SDK\2.0\bin\x86;C:\Program Files (x86)\Intel\OpenCL SDK\2.0\bin\x64;C:\Program Files\Microsoft\Web Platform Installer\;C:\Program Files\Microsoft SQL Server\110\Tools\Binn\;C:\Program Files\nodejs\;C:\Program Files\Microsoft SQL Server\Client SDK\ODBC\110\Tools\Binn\;C:\Program Files (x86)\Microsoft SQL Server\120\Tools\Binn\ManagementStudio\;C:\Program Files (x86)\Microsoft SQL Server\120\Tools\Binn\;C:\Program Files\Microsoft SQL Server\120\Tools\Binn\;C:\Program Files (x86)\Microsoft SQL Server\120\DTS\Binn\;C:\Program Files\Microsoft SQL Server\120\DTS\Binn\;C:\Program Files (x86)\Microsoft Visual Studio 12.0\Common7\IDE\PrivateAssemblies\;C:\Program Files (x86)\Windows Kits\8.1\Windows Performance Toolkit\;C:\Users\rwilcox\AppData\Roaming\npm;C:\Program Files (x86)\Microsoft ASP.NET\ASP.NET Web Pages\v1.0\;C:\Program Files (x86)\Microsoft SDKs\TypeScript\1.0\;C:\Program Files (x86)\Microsoft Team Foundation Server 2015 Power Tools\;C:\Program Files (x86)\Microsoft Team Foundation Server 2013 Power Tools\Best Practices Analyzer\;C:\Program Files (x86)\Skype\Phone\;C:\Program Files (x86)\GtkSharp\2.12\bin;C:\Program Files\Microsoft SQL Server\130\Tools\Binn\;C:\Program Files\Git\cmd;C:\WINDOWS\system32;C:\WINDOWS;C:\WINDOWS\System32\Wbem;C:\WINDOWS\System32\WindowsPowerShell\v1.0\;C:\Program Files (x86)\nodejs\;C:\Program Files\dotnet\;C:\Program Files (x86)\Microsoft SQL Server\110\DTS\Binn\;C:\Program Files (x86)\Microsoft SQL Server\130\DTS\Binn\;C:\Users\rwilcox\.dnx\bin;.bin;C:\Users\rwilcox\AppData\Local\Microsoft\WindowsApps;;C:\Program Files (x86)\Microsoft VS Code\bin;C:\Users\rwilcox\AppData\Roaming\npm;C:\Program Files (x86)\Microsoft Visual Studio 14.0\Web\External\git
86 verbose lifecycle eatsmart@1.0.0~postinstall: CWD: C:\tfs\Msde.Mars.Angular\src\Msde.Mars.EatSmarty
87 silly lifecycle eatsmart@1.0.0~postinstall: Args: [ '/d /s /c', 'typings install' ]
88 silly lifecycle eatsmart@1.0.0~postinstall: Returned: code: 1  signal: null
89 info lifecycle eatsmart@1.0.0~postinstall: Failed to exec postinstall script
90 warn optional SKIPPING OPTIONAL DEPENDENCY: fsevents@^1.0.0 (node_modules\chokidar\node_modules\fsevents):
91 warn notsup SKIPPING OPTIONAL DEPENDENCY: Unsupported platform for fsevents@1.0.15: wanted {"os":"darwin","arch":"any"} (current: {"os":"win32","arch":"x64"})
92 verbose notsup SKIPPING OPTIONAL DEPENDENCY: Valid OS:    darwin
92 verbose notsup SKIPPING OPTIONAL DEPENDENCY: Valid Arch:  any
92 verbose notsup SKIPPING OPTIONAL DEPENDENCY: Actual OS:   win32
92 verbose notsup SKIPPING OPTIONAL DEPENDENCY: Actual Arch: x64
93 warn eatsmart@1.0.0 No description
94 verbose If you need help, you may report this error at:
94 verbose     <https://github.com/npm/npm/issues>
95 warn eatsmart@1.0.0 No repository field.
96 verbose If you need help, you may report this error at:
96 verbose     <https://github.com/npm/npm/issues>
97 warn eatsmart@1.0.0 No license field.
98 verbose If you need help, you may report this error at:
98 verbose     <https://github.com/npm/npm/issues>
99 verbose stack Error: eatsmart@1.0.0 postinstall: `typings install`
99 verbose stack Exit status 1
99 verbose stack     at EventEmitter.<anonymous> (C:\Program Files\nodejs\node_modules\npm\lib\utils\lifecycle.js:255:16)
99 verbose stack     at EventEmitter.emit (events.js:98:17)
99 verbose stack     at ChildProcess.<anonymous> (C:\Program Files\nodejs\node_modules\npm\lib\utils\spawn.js:40:14)
99 verbose stack     at ChildProcess.emit (events.js:98:17)
99 verbose stack     at maybeClose (child_process.js:756:16)
99 verbose stack     at Process.ChildProcess._handle.onexit (child_process.js:823:5)
100 verbose pkgid eatsmart@1.0.0
101 verbose cwd C:\tfs\Msde.Mars.Angular\src\Msde.Mars.EatSmarty
102 error Windows_NT 6.2.9200
103 error argv "C:\\Program Files\\nodejs\\\\node.exe" "C:\\Program Files\\nodejs\\node_modules\\npm\\bin\\npm-cli.js" "install"
104 error node v0.10.32
105 error npm  v3.10.9
106 error code ELIFECYCLE
107 error eatsmart@1.0.0 postinstall: `typings install`
107 error Exit status 1
108 error Failed at the eatsmart@1.0.0 postinstall script 'typings install'.
108 error Make sure you have the latest version of node.js and npm installed.
108 error If you do, this is most likely a problem with the eatsmart package,
108 error not with npm itself.
108 error Tell the author that this fails on your system:
108 error     typings install
108 error You can get information on how to open an issue for this project with:
108 error     npm bugs eatsmart
108 error Or if that isn't available, you can get their info via:
108 error     npm owner ls eatsmart
108 error There is likely additional logging output above.
109 verbose exit [ 1, true ]
